# JRE version: OpenJDK Runtime Environment (7.0_95) (build 1.7.0_95-b00)
# Java VM: OpenJDK 64-Bit Server VM (24.95-b01 mixed mode linux-amd64 compressed oops)
Heap
 PSYoungGen      total 246272K, used 0K [0x00000000eb680000, 0x00000000ffe00000, 0x0000000100000000)
  eden space 166912K, 0% used [0x00000000eb680000,0x00000000eb680000,0x00000000f5980000)
  from space 79360K, 0% used [0x00000000f5980000,0x00000000f5980000,0x00000000fa700000)
  to   space 79360K, 0% used [0x00000000fb080000,0x00000000fb080000,0x00000000ffe00000)
 ParOldGen       total 158208K, used 129108K [0x00000000c2400000, 0x00000000cbe80000, 0x00000000eb680000)
  object space 158208K, 81% used [0x00000000c2400000,0x00000000ca215258,0x00000000cbe80000)
 PSPermGen       total 49664K, used 25186K [0x00000000b7e00000, 0x00000000bae80000, 0x00000000c2400000)
  object space 49664K, 50% used [0x00000000b7e00000,0x00000000b9698818,0x00000000bae80000)
GC Heap History (10 events):
Event: 58.531 GC heap after
Heap after GC invocations=25 (full 2):
 PSYoungGen      total 233472K, used 40476K [0x00000000eb680000, 0x00000000ff380000, 0x0000000100000000)
  eden space 141312K, 0% used [0x00000000eb680000,0x00000000eb680000,0x00000000f4080000)
  from space 92160K, 43% used [0x00000000f4080000,0x00000000f6807188,0x00000000f9a80000)
  to   space 88064K, 0% used [0x00000000f9d80000,0x00000000f9d80000,0x00000000ff380000)
 ParOldGen       total 158208K, used 121788K [0x00000000c2400000, 0x00000000cbe80000, 0x00000000eb680000)
  object space 158208K, 76% used [0x00000000c2400000,0x00000000c9aef2d0,0x00000000cbe80000)
 PSPermGen       total 49664K, used 25137K [0x00000000b7e00000, 0x00000000bae80000, 0x00000000c2400000)
  object space 49664K, 50% used [0x00000000b7e00000,0x00000000b968c608,0x00000000bae80000)
}
Event: 60.207 GC heap before
{Heap before GC invocations=26 (full 2):
 PSYoungGen      total 233472K, used 181788K [0x00000000eb680000, 0x00000000ff380000, 0x0000000100000000)
  eden space 141312K, 100% used [0x00000000eb680000,0x00000000f4080000,0x00000000f4080000)
  from space 92160K, 43% used [0x00000000f4080000,0x00000000f6807188,0x00000000f9a80000)
  to   space 88064K, 0% used [0x00000000f9d80000,0x00000000f9d80000,0x00000000ff380000)
 ParOldGen       total 158208K, used 121788K [0x00000000c2400000, 0x00000000cbe80000, 0x00000000eb680000)
  object space 158208K, 76% used [0x00000000c2400000,0x00000000c9aef2d0,0x00000000cbe80000)
 PSPermGen       total 49664K, used 25138K [0x00000000b7e00000, 0x00000000bae80000, 0x00000000c2400000)
  object space 49664K, 50% used [0x00000000b7e00000,0x00000000b968c9a0,0x00000000bae80000)
Event: 60.269 GC heap after
Heap after GC invocations=26 (full 2):
 PSYoungGen      total 240128K, used 39414K [0x00000000eb680000, 0x00000000ff500000, 0x0000000100000000)
  eden space 152064K, 0% used [0x00000000eb680000,0x00000000eb680000,0x00000000f4b00000)
  from space 88064K, 44% used [0x00000000f9d80000,0x00000000fc3fdb28,0x00000000ff380000)
  to   space 84480K, 0% used [0x00000000f4b00000,0x00000000f4b00000,0x00000000f9d80000)
 ParOldGen       total 158208K, used 127716K [0x00000000c2400000, 0x00000000cbe80000, 0x00000000eb680000)
  object space 158208K, 80% used [0x00000000c2400000,0x00000000ca0b92e0,0x00000000cbe80000)
 PSPermGen       total 49664K, used 25138K [0x00000000b7e00000, 0x00000000bae80000, 0x00000000c2400000)
  object space 49664K, 50% used [0x00000000b7e00000,0x00000000b968c9a0,0x00000000bae80000)
}
Event: 62.177 GC heap before
{Heap before GC invocations=27 (full 2):
 PSYoungGen      total 240128K, used 191478K [0x00000000eb680000, 0x00000000ff500000, 0x0000000100000000)
  eden space 152064K, 100% used [0x00000000eb680000,0x00000000f4b00000,0x00000000f4b00000)
  from space 88064K, 44% used [0x00000000f9d80000,0x00000000fc3fdb28,0x00000000ff380000)
  to   space 84480K, 0% used [0x00000000f4b00000,0x00000000f4b00000,0x00000000f9d80000)
 ParOldGen       total 158208K, used 127716K [0x00000000c2400000, 0x00000000cbe80000, 0x00000000eb680000)
  object space 158208K, 80% used [0x00000000c2400000,0x00000000ca0b92e0,0x00000000cbe80000)
 PSPermGen       total 49664K, used 25138K [0x00000000b7e00000, 0x00000000bae80000, 0x00000000c2400000)
  object space 49664K, 50% used [0x00000000b7e00000,0x00000000b968c9a0,0x00000000bae80000)
Event: 62.251 GC heap after
Heap after GC invocations=27 (full 2):
 PSYoungGen      total 236544K, used 46604K [0x00000000eb680000, 0x00000000ff680000, 0x0000000100000000)
  eden space 152064K, 0% used [0x00000000eb680000,0x00000000eb680000,0x00000000f4b00000)
  from space 84480K, 55% used [0x00000000f4b00000,0x00000000f78832e8,0x00000000f9d80000)
  to   space 81408K, 0% used [0x00000000fa700000,0x00000000fa700000,0x00000000ff680000)
 ParOldGen       total 158208K, used 132852K [0x00000000c2400000, 0x00000000cbe80000, 0x00000000eb680000)
  object space 158208K, 83% used [0x00000000c2400000,0x00000000ca5bd2e0,0x00000000cbe80000)
 PSPermGen       total 49664K, used 25138K [0x00000000b7e00000, 0x00000000bae80000, 0x00000000c2400000)
  object space 49664K, 50% used [0x00000000b7e00000,0x00000000b968c9a0,0x00000000bae80000)
}
Event: 64.041 GC heap before
{Heap before GC invocations=28 (full 2):
 PSYoungGen      total 236544K, used 198668K [0x00000000eb680000, 0x00000000ff680000, 0x0000000100000000)
  eden space 152064K, 100% used [0x00000000eb680000,0x00000000f4b00000,0x00000000f4b00000)
  from space 84480K, 55% used [0x00000000f4b00000,0x00000000f78832e8,0x00000000f9d80000)
  to   space 81408K, 0% used [0x00000000fa700000,0x00000000fa700000,0x00000000ff680000)
 ParOldGen       total 158208K, used 132852K [0x00000000c2400000, 0x00000000cbe80000, 0x00000000eb680000)
  object space 158208K, 83% used [0x00000000c2400000,0x00000000ca5bd2e0,0x00000000cbe80000)
 PSPermGen       total 49664K, used 25138K [0x00000000b7e00000, 0x00000000bae80000, 0x00000000c2400000)
  object space 49664K, 50% used [0x00000000b7e00000,0x00000000b968cb60,0x00000000bae80000)
Event: 64.120 GC heap after
Heap after GC invocations=28 (full 2):
 PSYoungGen      total 248320K, used 35596K [0x00000000eb680000, 0x00000000ff900000, 0x0000000100000000)
  eden space 166912K, 0% used [0x00000000eb680000,0x00000000eb680000,0x00000000f5980000)
  from space 81408K, 43% used [0x00000000fa700000,0x00000000fc9c3048,0x00000000ff680000)
  to   space 79360K, 0% used [0x00000000f5980000,0x00000000f5980000,0x00000000fa700000)
 ParOldGen       total 158208K, used 140324K [0x00000000c2400000, 0x00000000cbe80000, 0x00000000eb680000)
  object space 158208K, 88% used [0x00000000c2400000,0x00000000cad09300,0x00000000cbe80000)
 PSPermGen       total 49664K, used 25138K [0x00000000b7e00000, 0x00000000bae80000, 0x00000000c2400000)
  object space 49664K, 50% used [0x00000000b7e00000,0x00000000b968cb60,0x00000000bae80000)
}
Event: 66.442 GC heap before
{Heap before GC invocations=29 (full 2):
 PSYoungGen      total 248320K, used 202508K [0x00000000eb680000, 0x00000000ff900000, 0x0000000100000000)
  eden space 166912K, 100% used [0x00000000eb680000,0x00000000f5980000,0x00000000f5980000)
  from space 81408K, 43% used [0x00000000fa700000,0x00000000fc9c3048,0x00000000ff680000)
  to   space 79360K, 0% used [0x00000000f5980000,0x00000000f5980000,0x00000000fa700000)
 ParOldGen       total 158208K, used 140324K [0x00000000c2400000, 0x00000000cbe80000, 0x00000000eb680000)
  object space 158208K, 88% used [0x00000000c2400000,0x00000000cad09300,0x00000000cbe80000)
 PSPermGen       total 49664K, used 25186K [0x00000000b7e00000, 0x00000000bae80000, 0x00000000c2400000)
  object space 49664K, 50% used [0x00000000b7e00000,0x00000000b9698a20,0x00000000bae80000)
Event: 66.499 GC heap after
Heap after GC invocations=29 (full 2):
 PSYoungGen      total 246272K, used 19974K [0x00000000eb680000, 0x00000000ffe00000, 0x0000000100000000)
  eden space 166912K, 0% used [0x00000000eb680000,0x00000000eb680000,0x00000000f5980000)
  from space 79360K, 25% used [0x00000000f5980000,0x00000000f6d01a28,0x00000000fa700000)
  to   space 79360K, 0% used [0x00000000fb080000,0x00000000fb080000,0x00000000ffe00000)
 ParOldGen       total 158208K, used 145988K [0x00000000c2400000, 0x00000000cbe80000, 0x00000000eb680000)
  object space 158208K, 92% used [0x00000000c2400000,0x00000000cb291310,0x00000000cbe80000)
 PSPermGen       total 49664K, used 25186K [0x00000000b7e00000, 0x00000000bae80000, 0x00000000c2400000)
  object space 49664K, 50% used [0x00000000b7e00000,0x00000000b9698a20,0x00000000bae80000)
}
Event: 66.500 GC heap before
{Heap before GC invocations=30 (full 3):
 PSYoungGen      total 246272K, used 19974K [0x00000000eb680000, 0x00000000ffe00000, 0x0000000100000000)
  eden space 166912K, 0% used [0x00000000eb680000,0x00000000eb680000,0x00000000f5980000)
  from space 79360K, 25% used [0x00000000f5980000,0x00000000f6d01a28,0x00000000fa700000)
  to   space 79360K, 0% used [0x00000000fb080000,0x00000000fb080000,0x00000000ffe00000)
 ParOldGen       total 158208K, used 145988K [0x00000000c2400000, 0x00000000cbe80000, 0x00000000eb680000)
  object space 158208K, 92% used [0x00000000c2400000,0x00000000cb291310,0x00000000cbe80000)
 PSPermGen       total 49664K, used 25186K [0x00000000b7e00000, 0x00000000bae80000, 0x00000000c2400000)
  object space 49664K, 50% used [0x00000000b7e00000,0x00000000b9698a20,0x00000000bae80000)

