# JRE version: OpenJDK Runtime Environment (7.0_95) (build 1.7.0_95-b00)
# Java VM: OpenJDK 64-Bit Server VM (24.95-b01 mixed mode linux-amd64 compressed oops)
Heap
 PSYoungGen      total 249856K, used 57676K [0x00000000eb680000, 0x00000000fff80000, 0x0000000100000000)
  eden space 163328K, 0% used [0x00000000eb680000,0x00000000eb680000,0x00000000f5600000)
  from space 86528K, 66% used [0x00000000fab00000,0x00000000fe353228,0x00000000fff80000)
  to   space 87040K, 0% used [0x00000000f5600000,0x00000000f5600000,0x00000000fab00000)
 ParOldGen       total 162816K, used 131781K [0x00000000c2400000, 0x00000000cc300000, 0x00000000eb680000)
  object space 162816K, 80% used [0x00000000c2400000,0x00000000ca4b1698,0x00000000cc300000)
 PSPermGen       total 49664K, used 25137K [0x00000000b7e00000, 0x00000000bae80000, 0x00000000c2400000)
  object space 49664K, 50% used [0x00000000b7e00000,0x00000000b968c598,0x00000000bae80000)
GC Heap History (10 events):
Event: 66.748 GC heap after
Heap after GC invocations=23 (full 2):
 PSYoungGen      total 240640K, used 57817K [0x00000000eb680000, 0x0000000100000000, 0x0000000100000000)
  eden space 182784K, 0% used [0x00000000eb680000,0x00000000eb680000,0x00000000f6900000)
  from space 57856K, 99% used [0x00000000f6900000,0x00000000fa176430,0x00000000fa180000)
  to   space 81920K, 0% used [0x00000000fb000000,0x00000000fb000000,0x0000000100000000)
 ParOldGen       total 162816K, used 116419K [0x00000000c2400000, 0x00000000cc300000, 0x00000000eb680000)
  object space 162816K, 71% used [0x00000000c2400000,0x00000000c95b0d38,0x00000000cc300000)
 PSPermGen       total 49664K, used 25135K [0x00000000b7e00000, 0x00000000bae80000, 0x00000000c2400000)
  object space 49664K, 50% used [0x00000000b7e00000,0x00000000b968bf60,0x00000000bae80000)
}
Event: 68.974 GC heap before
{Heap before GC invocations=24 (full 2):
 PSYoungGen      total 240640K, used 240601K [0x00000000eb680000, 0x0000000100000000, 0x0000000100000000)
  eden space 182784K, 100% used [0x00000000eb680000,0x00000000f6900000,0x00000000f6900000)
  from space 57856K, 99% used [0x00000000f6900000,0x00000000fa176430,0x00000000fa180000)
  to   space 81920K, 0% used [0x00000000fb000000,0x00000000fb000000,0x0000000100000000)
 ParOldGen       total 162816K, used 116419K [0x00000000c2400000, 0x00000000cc300000, 0x00000000eb680000)
  object space 162816K, 71% used [0x00000000c2400000,0x00000000c95b0d38,0x00000000cc300000)
 PSPermGen       total 49664K, used 25136K [0x00000000b7e00000, 0x00000000bae80000, 0x00000000c2400000)
  object space 49664K, 50% used [0x00000000b7e00000,0x00000000b968c220,0x00000000bae80000)
Event: 69.033 GC heap after
Heap after GC invocations=24 (full 2):
 PSYoungGen      total 249344K, used 56036K [0x00000000eb680000, 0x0000000100000000, 0x0000000100000000)
  eden space 167424K, 0% used [0x00000000eb680000,0x00000000eb680000,0x00000000f5a00000)
  from space 81920K, 68% used [0x00000000fb000000,0x00000000fe6b9148,0x0000000100000000)
  to   space 84992K, 0% used [0x00000000f5a00000,0x00000000f5a00000,0x00000000fad00000)
 ParOldGen       total 162816K, used 116419K [0x00000000c2400000, 0x00000000cc300000, 0x00000000eb680000)
  object space 162816K, 71% used [0x00000000c2400000,0x00000000c95b0d38,0x00000000cc300000)
 PSPermGen       total 49664K, used 25136K [0x00000000b7e00000, 0x00000000bae80000, 0x00000000c2400000)
  object space 49664K, 50% used [0x00000000b7e00000,0x00000000b968c220,0x00000000bae80000)
}
Event: 70.738 GC heap before
{Heap before GC invocations=25 (full 2):
 PSYoungGen      total 249344K, used 223460K [0x00000000eb680000, 0x0000000100000000, 0x0000000100000000)
  eden space 167424K, 100% used [0x00000000eb680000,0x00000000f5a00000,0x00000000f5a00000)
  from space 81920K, 68% used [0x00000000fb000000,0x00000000fe6b9148,0x0000000100000000)
  to   space 84992K, 0% used [0x00000000f5a00000,0x00000000f5a00000,0x00000000fad00000)
 ParOldGen       total 162816K, used 116419K [0x00000000c2400000, 0x00000000cc300000, 0x00000000eb680000)
  object space 162816K, 71% used [0x00000000c2400000,0x00000000c95b0d38,0x00000000cc300000)
 PSPermGen       total 49664K, used 25136K [0x00000000b7e00000, 0x00000000bae80000, 0x00000000c2400000)
  object space 49664K, 50% used [0x00000000b7e00000,0x00000000b968c220,0x00000000bae80000)
Event: 70.820 GC heap after
Heap after GC invocations=25 (full 2):
 PSYoungGen      total 221696K, used 53837K [0x00000000eb680000, 0x0000000100000000, 0x0000000100000000)
  eden space 167424K, 0% used [0x00000000eb680000,0x00000000eb680000,0x00000000f5a00000)
  from space 54272K, 99% used [0x00000000f5a00000,0x00000000f8e93530,0x00000000f8f00000)
  to   space 86528K, 0% used [0x00000000fab80000,0x00000000fab80000,0x0000000100000000)
 ParOldGen       total 162816K, used 116419K [0x00000000c2400000, 0x00000000cc300000, 0x00000000eb680000)
  object space 162816K, 71% used [0x00000000c2400000,0x00000000c95b0d38,0x00000000cc300000)
 PSPermGen       total 49664K, used 25136K [0x00000000b7e00000, 0x00000000bae80000, 0x00000000c2400000)
  object space 49664K, 50% used [0x00000000b7e00000,0x00000000b968c220,0x00000000bae80000)
}
Event: 73.223 GC heap before
{Heap before GC invocations=26 (full 2):
 PSYoungGen      total 221696K, used 221261K [0x00000000eb680000, 0x0000000100000000, 0x0000000100000000)
  eden space 167424K, 100% used [0x00000000eb680000,0x00000000f5a00000,0x00000000f5a00000)
  from space 54272K, 99% used [0x00000000f5a00000,0x00000000f8e93530,0x00000000f8f00000)
  to   space 86528K, 0% used [0x00000000fab80000,0x00000000fab80000,0x0000000100000000)
 ParOldGen       total 162816K, used 116419K [0x00000000c2400000, 0x00000000cc300000, 0x00000000eb680000)
  object space 162816K, 71% used [0x00000000c2400000,0x00000000c95b0d38,0x00000000cc300000)
 PSPermGen       total 49664K, used 25136K [0x00000000b7e00000, 0x00000000bae80000, 0x00000000c2400000)
  object space 49664K, 50% used [0x00000000b7e00000,0x00000000b968c3e8,0x00000000bae80000)
Event: 73.295 GC heap after
Heap after GC invocations=26 (full 2):
 PSYoungGen      total 249856K, used 53520K [0x00000000eb680000, 0x0000000100000000, 0x0000000100000000)
  eden space 163328K, 0% used [0x00000000eb680000,0x00000000eb680000,0x00000000f5600000)
  from space 86528K, 61% used [0x00000000fab80000,0x00000000fdfc4238,0x0000000100000000)
  to   space 87040K, 0% used [0x00000000f5600000,0x00000000f5600000,0x00000000fab00000)
 ParOldGen       total 162816K, used 121069K [0x00000000c2400000, 0x00000000cc300000, 0x00000000eb680000)
  object space 162816K, 74% used [0x00000000c2400000,0x00000000c9a3b688,0x00000000cc300000)
 PSPermGen       total 49664K, used 25136K [0x00000000b7e00000, 0x00000000bae80000, 0x00000000c2400000)
  object space 49664K, 50% used [0x00000000b7e00000,0x00000000b968c3e8,0x00000000bae80000)
}
Event: 75.177 GC heap before
{Heap before GC invocations=27 (full 2):
 PSYoungGen      total 249856K, used 216848K [0x00000000eb680000, 0x0000000100000000, 0x0000000100000000)
  eden space 163328K, 100% used [0x00000000eb680000,0x00000000f5600000,0x00000000f5600000)
  from space 86528K, 61% used [0x00000000fab80000,0x00000000fdfc4238,0x0000000100000000)
  to   space 87040K, 0% used [0x00000000f5600000,0x00000000f5600000,0x00000000fab00000)
 ParOldGen       total 162816K, used 121069K [0x00000000c2400000, 0x00000000cc300000, 0x00000000eb680000)
  object space 162816K, 74% used [0x00000000c2400000,0x00000000c9a3b688,0x00000000cc300000)
 PSPermGen       total 49664K, used 25137K [0x00000000b7e00000, 0x00000000bae80000, 0x00000000c2400000)
  object space 49664K, 50% used [0x00000000b7e00000,0x00000000b968c598,0x00000000bae80000)
Event: 75.265 GC heap after
Heap after GC invocations=27 (full 2):
 PSYoungGen      total 250368K, used 52040K [0x00000000eb680000, 0x00000000fff80000, 0x0000000100000000)
  eden space 163328K, 0% used [0x00000000eb680000,0x00000000eb680000,0x00000000f5600000)
  from space 87040K, 59% used [0x00000000f5600000,0x00000000f88d2078,0x00000000fab00000)
  to   space 86528K, 0% used [0x00000000fab00000,0x00000000fab00000,0x00000000fff80000)
 ParOldGen       total 162816K, used 124861K [0x00000000c2400000, 0x00000000cc300000, 0x00000000eb680000)
  object space 162816K, 76% used [0x00000000c2400000,0x00000000c9def698,0x00000000cc300000)
 PSPermGen       total 49664K, used 25137K [0x00000000b7e00000, 0x00000000bae80000, 0x00000000c2400000)
  object space 49664K, 50% used [0x00000000b7e00000,0x00000000b968c598,0x00000000bae80000)
}
Event: 77.561 GC heap before
{Heap before GC invocations=28 (full 2):
 PSYoungGen      total 250368K, used 215368K [0x00000000eb680000, 0x00000000fff80000, 0x0000000100000000)
  eden space 163328K, 100% used [0x00000000eb680000,0x00000000f5600000,0x00000000f5600000)
  from space 87040K, 59% used [0x00000000f5600000,0x00000000f88d2078,0x00000000fab00000)
  to   space 86528K, 0% used [0x00000000fab00000,0x00000000fab00000,0x00000000fff80000)
 ParOldGen       total 162816K, used 124861K [0x00000000c2400000, 0x00000000cc300000, 0x00000000eb680000)
  object space 162816K, 76% used [0x00000000c2400000,0x00000000c9def698,0x00000000cc300000)
 PSPermGen       total 49664K, used 25137K [0x00000000b7e00000, 0x00000000bae80000, 0x00000000c2400000)
  object space 49664K, 50% used [0x00000000b7e00000,0x00000000b968c598,0x00000000bae80000)

