# JRE version: OpenJDK Runtime Environment (7.0_95) (build 1.7.0_95-b00)
# Java VM: OpenJDK 64-Bit Server VM (24.95-b01 mixed mode linux-amd64 compressed oops)
Heap
 PSYoungGen      total 294912K, used 0K [0x00000000eb680000, 0x0000000100000000, 0x0000000100000000)
  eden space 252416K, 0% used [0x00000000eb680000,0x00000000eb680000,0x00000000fad00000)
  from space 42496K, 0% used [0x00000000fad00000,0x00000000fad00000,0x00000000fd680000)
  to   space 42496K, 0% used [0x00000000fd680000,0x00000000fd680000,0x0000000100000000)
 ParOldGen       total 95744K, used 80929K [0x00000000c2400000, 0x00000000c8180000, 0x00000000eb680000)
  object space 95744K, 84% used [0x00000000c2400000,0x00000000c73087b0,0x00000000c8180000)
 PSPermGen       total 41472K, used 20541K [0x00000000b7e00000, 0x00000000ba680000, 0x00000000c2400000)
  object space 41472K, 49% used [0x00000000b7e00000,0x00000000b920f420,0x00000000ba680000)
GC Heap History (10 events):
Event: 21.950 GC heap after
Heap after GC invocations=10 (full 0):
 PSYoungGen      total 221184K, used 11974K [0x00000000eb680000, 0x00000000fa080000, 0x0000000100000000)
  eden space 205824K, 0% used [0x00000000eb680000,0x00000000eb680000,0x00000000f7f80000)
  from space 15360K, 77% used [0x00000000f8f80000,0x00000000f9b318c0,0x00000000f9e80000)
  to   space 16384K, 0% used [0x00000000f7f80000,0x00000000f7f80000,0x00000000f8f80000)
 ParOldGen       total 41984K, used 23894K [0x00000000c2400000, 0x00000000c4d00000, 0x00000000eb680000)
  object space 41984K, 56% used [0x00000000c2400000,0x00000000c3b55a18,0x00000000c4d00000)
 PSPermGen       total 21504K, used 18924K [0x00000000b7e00000, 0x00000000b9300000, 0x00000000c2400000)
  object space 21504K, 88% used [0x00000000b7e00000,0x00000000b907b140,0x00000000b9300000)
}
Event: 25.662 GC heap before
{Heap before GC invocations=11 (full 0):
 PSYoungGen      total 221184K, used 217798K [0x00000000eb680000, 0x00000000fa080000, 0x0000000100000000)
  eden space 205824K, 100% used [0x00000000eb680000,0x00000000f7f80000,0x00000000f7f80000)
  from space 15360K, 77% used [0x00000000f8f80000,0x00000000f9b318c0,0x00000000f9e80000)
  to   space 16384K, 0% used [0x00000000f7f80000,0x00000000f7f80000,0x00000000f8f80000)
 ParOldGen       total 41984K, used 23894K [0x00000000c2400000, 0x00000000c4d00000, 0x00000000eb680000)
  object space 41984K, 56% used [0x00000000c2400000,0x00000000c3b55a18,0x00000000c4d00000)
 PSPermGen       total 21504K, used 20549K [0x00000000b7e00000, 0x00000000b9300000, 0x00000000c2400000)
  object space 21504K, 95% used [0x00000000b7e00000,0x00000000b92114a8,0x00000000b9300000)
Event: 25.738 GC heap after
Heap after GC invocations=11 (full 0):
 PSYoungGen      total 222208K, used 16371K [0x00000000eb680000, 0x0000000100000000, 0x0000000100000000)
  eden space 205824K, 0% used [0x00000000eb680000,0x00000000eb680000,0x00000000f7f80000)
  from space 16384K, 99% used [0x00000000f7f80000,0x00000000f8f7cfb0,0x00000000f8f80000)
  to   space 30208K, 0% used [0x00000000fe280000,0x00000000fe280000,0x0000000100000000)
 ParOldGen       total 54784K, used 54578K [0x00000000c2400000, 0x00000000c5980000, 0x00000000eb680000)
  object space 54784K, 99% used [0x00000000c2400000,0x00000000c594c9a8,0x00000000c5980000)
 PSPermGen       total 21504K, used 20549K [0x00000000b7e00000, 0x00000000b9300000, 0x00000000c2400000)
  object space 21504K, 95% used [0x00000000b7e00000,0x00000000b92114a8,0x00000000b9300000)
}
Event: 25.738 GC heap before
{Heap before GC invocations=12 (full 1):
 PSYoungGen      total 222208K, used 16371K [0x00000000eb680000, 0x0000000100000000, 0x0000000100000000)
  eden space 205824K, 0% used [0x00000000eb680000,0x00000000eb680000,0x00000000f7f80000)
  from space 16384K, 99% used [0x00000000f7f80000,0x00000000f8f7cfb0,0x00000000f8f80000)
  to   space 30208K, 0% used [0x00000000fe280000,0x00000000fe280000,0x0000000100000000)
 ParOldGen       total 54784K, used 54578K [0x00000000c2400000, 0x00000000c5980000, 0x00000000eb680000)
  object space 54784K, 99% used [0x00000000c2400000,0x00000000c594c9a8,0x00000000c5980000)
 PSPermGen       total 21504K, used 20549K [0x00000000b7e00000, 0x00000000b9300000, 0x00000000c2400000)
  object space 21504K, 95% used [0x00000000b7e00000,0x00000000b92114a8,0x00000000b9300000)
Event: 26.167 GC heap after
Heap after GC invocations=12 (full 1):
 PSYoungGen      total 222208K, used 6798K [0x00000000eb680000, 0x0000000100000000, 0x0000000100000000)
  eden space 205824K, 0% used [0x00000000eb680000,0x00000000eb680000,0x00000000f7f80000)
  from space 16384K, 41% used [0x00000000f7f80000,0x00000000f8623a68,0x00000000f8f80000)
  to   space 30208K, 0% used [0x00000000fe280000,0x00000000fe280000,0x0000000100000000)
 ParOldGen       total 95744K, used 54496K [0x00000000c2400000, 0x00000000c8180000, 0x00000000eb680000)
  object space 95744K, 56% used [0x00000000c2400000,0x00000000c5938038,0x00000000c8180000)
 PSPermGen       total 41472K, used 20538K [0x00000000b7e00000, 0x00000000ba680000, 0x00000000c2400000)
  object space 41472K, 49% used [0x00000000b7e00000,0x00000000b920ea10,0x00000000ba680000)
}
Event: 29.703 GC heap before
{Heap before GC invocations=13 (full 1):
 PSYoungGen      total 222208K, used 212622K [0x00000000eb680000, 0x0000000100000000, 0x0000000100000000)
  eden space 205824K, 100% used [0x00000000eb680000,0x00000000f7f80000,0x00000000f7f80000)
  from space 16384K, 41% used [0x00000000f7f80000,0x00000000f8623a68,0x00000000f8f80000)
  to   space 30208K, 0% used [0x00000000fe280000,0x00000000fe280000,0x0000000100000000)
 ParOldGen       total 95744K, used 54496K [0x00000000c2400000, 0x00000000c8180000, 0x00000000eb680000)
  object space 95744K, 56% used [0x00000000c2400000,0x00000000c5938038,0x00000000c8180000)
 PSPermGen       total 41472K, used 20540K [0x00000000b7e00000, 0x00000000ba680000, 0x00000000c2400000)
  object space 41472K, 49% used [0x00000000b7e00000,0x00000000b920f2e8,0x00000000ba680000)
Event: 29.804 GC heap after
Heap after GC invocations=13 (full 1):
 PSYoungGen      total 282624K, used 30184K [0x00000000eb680000, 0x0000000100000000, 0x0000000100000000)
  eden space 252416K, 0% used [0x00000000eb680000,0x00000000eb680000,0x00000000fad00000)
  from space 30208K, 99% used [0x00000000fe280000,0x00000000ffffa3f0,0x0000000100000000)
  to   space 42496K, 0% used [0x00000000fad00000,0x00000000fad00000,0x00000000fd680000)
 ParOldGen       total 95744K, used 73806K [0x00000000c2400000, 0x00000000c8180000, 0x00000000eb680000)
  object space 95744K, 77% used [0x00000000c2400000,0x00000000c6c13870,0x00000000c8180000)
 PSPermGen       total 41472K, used 20540K [0x00000000b7e00000, 0x00000000ba680000, 0x00000000c2400000)
  object space 41472K, 49% used [0x00000000b7e00000,0x00000000b920f2e8,0x00000000ba680000)
}
Event: 33.697 GC heap before
{Heap before GC invocations=14 (full 1):
 PSYoungGen      total 282624K, used 282600K [0x00000000eb680000, 0x0000000100000000, 0x0000000100000000)
  eden space 252416K, 100% used [0x00000000eb680000,0x00000000fad00000,0x00000000fad00000)
  from space 30208K, 99% used [0x00000000fe280000,0x00000000ffffa3f0,0x0000000100000000)
  to   space 42496K, 0% used [0x00000000fad00000,0x00000000fad00000,0x00000000fd680000)
 ParOldGen       total 95744K, used 73806K [0x00000000c2400000, 0x00000000c8180000, 0x00000000eb680000)
  object space 95744K, 77% used [0x00000000c2400000,0x00000000c6c13870,0x00000000c8180000)
 PSPermGen       total 41472K, used 20541K [0x00000000b7e00000, 0x00000000ba680000, 0x00000000c2400000)
  object space 41472K, 49% used [0x00000000b7e00000,0x00000000b920f480,0x00000000ba680000)
Event: 33.763 GC heap after
Heap after GC invocations=14 (full 1):
 PSYoungGen      total 294912K, used 42495K [0x00000000eb680000, 0x0000000100000000, 0x0000000100000000)
  eden space 252416K, 0% used [0x00000000eb680000,0x00000000eb680000,0x00000000fad00000)
  from space 42496K, 99% used [0x00000000fad00000,0x00000000fd67fcd0,0x00000000fd680000)
  to   space 42496K, 0% used [0x00000000fd680000,0x00000000fd680000,0x0000000100000000)
 ParOldGen       total 95744K, used 84757K [0x00000000c2400000, 0x00000000c8180000, 0x00000000eb680000)
  object space 95744K, 88% used [0x00000000c2400000,0x00000000c76c56f0,0x00000000c8180000)
 PSPermGen       total 41472K, used 20541K [0x00000000b7e00000, 0x00000000ba680000, 0x00000000c2400000)
  object space 41472K, 49% used [0x00000000b7e00000,0x00000000b920f480,0x00000000ba680000)
}
Event: 33.763 GC heap before
{Heap before GC invocations=15 (full 2):
 PSYoungGen      total 294912K, used 42495K [0x00000000eb680000, 0x0000000100000000, 0x0000000100000000)
  eden space 252416K, 0% used [0x00000000eb680000,0x00000000eb680000,0x00000000fad00000)
  from space 42496K, 99% used [0x00000000fad00000,0x00000000fd67fcd0,0x00000000fd680000)
  to   space 42496K, 0% used [0x00000000fd680000,0x00000000fd680000,0x0000000100000000)
 ParOldGen       total 95744K, used 84757K [0x00000000c2400000, 0x00000000c8180000, 0x00000000eb680000)
  object space 95744K, 88% used [0x00000000c2400000,0x00000000c76c56f0,0x00000000c8180000)
 PSPermGen       total 41472K, used 20541K [0x00000000b7e00000, 0x00000000ba680000, 0x00000000c2400000)
  object space 41472K, 49% used [0x00000000b7e00000,0x00000000b920f480,0x00000000ba680000)

