# JRE version: OpenJDK Runtime Environment (7.0_95) (build 1.7.0_95-b00)
# Java VM: OpenJDK 64-Bit Server VM (24.95-b01 mixed mode linux-amd64 compressed oops)
Heap
 PSYoungGen      total 318976K, used 9278K [0x00000000eb680000, 0x0000000100000000, 0x0000000100000000)
  eden space 300544K, 0% used [0x00000000eb680000,0x00000000eb680000,0x00000000fdc00000)
  from space 18432K, 50% used [0x00000000fdc00000,0x00000000fe50f848,0x00000000fee00000)
  to   space 18432K, 0% used [0x00000000fee00000,0x00000000fee00000,0x0000000100000000)
 ParOldGen       total 68608K, used 68314K [0x00000000c2400000, 0x00000000c6700000, 0x00000000eb680000)
  object space 68608K, 99% used [0x00000000c2400000,0x00000000c66b6a30,0x00000000c6700000)
 PSPermGen       total 45056K, used 25045K [0x00000000b7e00000, 0x00000000baa00000, 0x00000000c2400000)
  object space 45056K, 55% used [0x00000000b7e00000,0x00000000b96754a8,0x00000000baa00000)
GC Heap History (10 events):
Event: 21.284 GC heap after
Heap after GC invocations=10 (full 0):
 PSYoungGen      total 221696K, used 7524K [0x00000000eb680000, 0x00000000f9f80000, 0x0000000100000000)
  eden space 206848K, 0% used [0x00000000eb680000,0x00000000eb680000,0x00000000f8080000)
  from space 14848K, 50% used [0x00000000f9100000,0x00000000f98591c0,0x00000000f9f80000)
  to   space 15872K, 0% used [0x00000000f8080000,0x00000000f8080000,0x00000000f9000000)
 ParOldGen       total 41984K, used 27514K [0x00000000c2400000, 0x00000000c4d00000, 0x00000000eb680000)
  object space 41984K, 65% used [0x00000000c2400000,0x00000000c3ede900,0x00000000c4d00000)
 PSPermGen       total 21504K, used 20973K [0x00000000b7e00000, 0x00000000b9300000, 0x00000000c2400000)
  object space 21504K, 97% used [0x00000000b7e00000,0x00000000b927b6a0,0x00000000b9300000)
}
Event: 29.407 GC heap before
{Heap before GC invocations=11 (full 0):
 PSYoungGen      total 221696K, used 214372K [0x00000000eb680000, 0x00000000f9f80000, 0x0000000100000000)
  eden space 206848K, 100% used [0x00000000eb680000,0x00000000f8080000,0x00000000f8080000)
  from space 14848K, 50% used [0x00000000f9100000,0x00000000f98591c0,0x00000000f9f80000)
  to   space 15872K, 0% used [0x00000000f8080000,0x00000000f8080000,0x00000000f9000000)
 ParOldGen       total 41984K, used 27514K [0x00000000c2400000, 0x00000000c4d00000, 0x00000000eb680000)
  object space 41984K, 65% used [0x00000000c2400000,0x00000000c3ede900,0x00000000c4d00000)
 PSPermGen       total 22528K, used 22505K [0x00000000b7e00000, 0x00000000b9400000, 0x00000000c2400000)
  object space 22528K, 99% used [0x00000000b7e00000,0x00000000b93fa608,0x00000000b9400000)
Event: 29.449 GC heap after
Heap after GC invocations=11 (full 0):
 PSYoungGen      total 222720K, used 4741K [0x00000000eb680000, 0x0000000100000000, 0x0000000100000000)
  eden space 206848K, 0% used [0x00000000eb680000,0x00000000eb680000,0x00000000f8080000)
  from space 15872K, 29% used [0x00000000f8080000,0x00000000f8521580,0x00000000f9000000)
  to   space 15360K, 0% used [0x00000000ff100000,0x00000000ff100000,0x0000000100000000)
 ParOldGen       total 41984K, used 34405K [0x00000000c2400000, 0x00000000c4d00000, 0x00000000eb680000)
  object space 41984K, 81% used [0x00000000c2400000,0x00000000c4599760,0x00000000c4d00000)
 PSPermGen       total 22528K, used 22505K [0x00000000b7e00000, 0x00000000b9400000, 0x00000000c2400000)
  object space 22528K, 99% used [0x00000000b7e00000,0x00000000b93fa608,0x00000000b9400000)
}
Event: 29.451 GC heap before
{Heap before GC invocations=12 (full 1):
 PSYoungGen      total 222720K, used 4741K [0x00000000eb680000, 0x0000000100000000, 0x0000000100000000)
  eden space 206848K, 0% used [0x00000000eb680000,0x00000000eb680000,0x00000000f8080000)
  from space 15872K, 29% used [0x00000000f8080000,0x00000000f8521580,0x00000000f9000000)
  to   space 15360K, 0% used [0x00000000ff100000,0x00000000ff100000,0x0000000100000000)
 ParOldGen       total 41984K, used 34405K [0x00000000c2400000, 0x00000000c4d00000, 0x00000000eb680000)
  object space 41984K, 81% used [0x00000000c2400000,0x00000000c4599760,0x00000000c4d00000)
 PSPermGen       total 22528K, used 22505K [0x00000000b7e00000, 0x00000000b9400000, 0x00000000c2400000)
  object space 22528K, 99% used [0x00000000b7e00000,0x00000000b93fa608,0x00000000b9400000)
Event: 29.763 GC heap after
Heap after GC invocations=12 (full 1):
 PSYoungGen      total 222720K, used 0K [0x00000000eb680000, 0x0000000100000000, 0x0000000100000000)
  eden space 206848K, 0% used [0x00000000eb680000,0x00000000eb680000,0x00000000f8080000)
  from space 15872K, 0% used [0x00000000f8080000,0x00000000f8080000,0x00000000f9000000)
  to   space 15360K, 0% used [0x00000000ff100000,0x00000000ff100000,0x0000000100000000)
 ParOldGen       total 61952K, used 28570K [0x00000000c2400000, 0x00000000c6080000, 0x00000000eb680000)
  object space 61952K, 46% used [0x00000000c2400000,0x00000000c3fe6a38,0x00000000c6080000)
 PSPermGen       total 45056K, used 22494K [0x00000000b7e00000, 0x00000000baa00000, 0x00000000c2400000)
  object space 45056K, 49% used [0x00000000b7e00000,0x00000000b93f79e8,0x00000000baa00000)
}
Event: 40.136 GC heap before
{Heap before GC invocations=13 (full 1):
 PSYoungGen      total 222720K, used 206848K [0x00000000eb680000, 0x0000000100000000, 0x0000000100000000)
  eden space 206848K, 100% used [0x00000000eb680000,0x00000000f8080000,0x00000000f8080000)
  from space 15872K, 0% used [0x00000000f8080000,0x00000000f8080000,0x00000000f9000000)
  to   space 15360K, 0% used [0x00000000ff100000,0x00000000ff100000,0x0000000100000000)
 ParOldGen       total 61952K, used 28570K [0x00000000c2400000, 0x00000000c6080000, 0x00000000eb680000)
  object space 61952K, 46% used [0x00000000c2400000,0x00000000c3fe6a38,0x00000000c6080000)
 PSPermGen       total 45056K, used 25023K [0x00000000b7e00000, 0x00000000baa00000, 0x00000000c2400000)
  object space 45056K, 55% used [0x00000000b7e00000,0x00000000b966fe90,0x00000000baa00000)
Event: 40.183 GC heap after
Heap after GC invocations=13 (full 1):
 PSYoungGen      total 280576K, used 15347K [0x00000000eb680000, 0x0000000100000000, 0x0000000100000000)
  eden space 265216K, 0% used [0x00000000eb680000,0x00000000eb680000,0x00000000fb980000)
  from space 15360K, 99% used [0x00000000ff100000,0x00000000ffffcc60,0x0000000100000000)
  to   space 18432K, 0% used [0x00000000fdc00000,0x00000000fdc00000,0x00000000fee00000)
 ParOldGen       total 61952K, used 30975K [0x00000000c2400000, 0x00000000c6080000, 0x00000000eb680000)
  object space 61952K, 49% used [0x00000000c2400000,0x00000000c423ff08,0x00000000c6080000)
 PSPermGen       total 45056K, used 25023K [0x00000000b7e00000, 0x00000000baa00000, 0x00000000c2400000)
  object space 45056K, 55% used [0x00000000b7e00000,0x00000000b966fe90,0x00000000baa00000)
}
Event: 44.346 GC heap before
{Heap before GC invocations=14 (full 1):
 PSYoungGen      total 280576K, used 280563K [0x00000000eb680000, 0x0000000100000000, 0x0000000100000000)
  eden space 265216K, 100% used [0x00000000eb680000,0x00000000fb980000,0x00000000fb980000)
  from space 15360K, 99% used [0x00000000ff100000,0x00000000ffffcc60,0x0000000100000000)
  to   space 18432K, 0% used [0x00000000fdc00000,0x00000000fdc00000,0x00000000fee00000)
 ParOldGen       total 61952K, used 30975K [0x00000000c2400000, 0x00000000c6080000, 0x00000000eb680000)
  object space 61952K, 49% used [0x00000000c2400000,0x00000000c423ff08,0x00000000c6080000)
 PSPermGen       total 45056K, used 25047K [0x00000000b7e00000, 0x00000000baa00000, 0x00000000c2400000)
  object space 45056K, 55% used [0x00000000b7e00000,0x00000000b9675c40,0x00000000baa00000)
Event: 44.512 GC heap after
Heap after GC invocations=14 (full 1):
 PSYoungGen      total 318976K, used 18403K [0x00000000eb680000, 0x0000000100000000, 0x0000000100000000)
  eden space 300544K, 0% used [0x00000000eb680000,0x00000000eb680000,0x00000000fdc00000)
  from space 18432K, 99% used [0x00000000fdc00000,0x00000000fedf8cb0,0x00000000fee00000)
  to   space 18432K, 0% used [0x00000000fee00000,0x00000000fee00000,0x0000000100000000)
 ParOldGen       total 68608K, used 68479K [0x00000000c2400000, 0x00000000c6700000, 0x00000000eb680000)
  object space 68608K, 99% used [0x00000000c2400000,0x00000000c66dfeb0,0x00000000c6700000)
 PSPermGen       total 45056K, used 25047K [0x00000000b7e00000, 0x00000000baa00000, 0x00000000c2400000)
  object space 45056K, 55% used [0x00000000b7e00000,0x00000000b9675c40,0x00000000baa00000)
}
Event: 44.514 GC heap before
{Heap before GC invocations=15 (full 2):
 PSYoungGen      total 318976K, used 18403K [0x00000000eb680000, 0x0000000100000000, 0x0000000100000000)
  eden space 300544K, 0% used [0x00000000eb680000,0x00000000eb680000,0x00000000fdc00000)
  from space 18432K, 99% used [0x00000000fdc00000,0x00000000fedf8cb0,0x00000000fee00000)
  to   space 18432K, 0% used [0x00000000fee00000,0x00000000fee00000,0x0000000100000000)
 ParOldGen       total 68608K, used 68479K [0x00000000c2400000, 0x00000000c6700000, 0x00000000eb680000)
  object space 68608K, 99% used [0x00000000c2400000,0x00000000c66dfeb0,0x00000000c6700000)
 PSPermGen       total 45056K, used 25047K [0x00000000b7e00000, 0x00000000baa00000, 0x00000000c2400000)
  object space 45056K, 55% used [0x00000000b7e00000,0x00000000b9675c40,0x00000000baa00000)

