# JRE version: OpenJDK Runtime Environment (7.0_95) (build 1.7.0_95-b00)
# Java VM: OpenJDK 64-Bit Server VM (24.95-b01 mixed mode linux-amd64 compressed oops)
Heap
 PSYoungGen      total 91648K, used 70081K [0x00000000eb680000, 0x00000000fa800000, 0x0000000100000000)
  eden space 90624K, 77% used [0x00000000eb680000,0x00000000efae8420,0x00000000f0f00000)
  from space 1024K, 3% used [0x00000000fa600000,0x00000000fa608000,0x00000000fa700000)
  to   space 1024K, 0% used [0x00000000fa700000,0x00000000fa700000,0x00000000fa800000)
 ParOldGen       total 41984K, used 18465K [0x00000000c2400000, 0x00000000c4d00000, 0x00000000eb680000)
  object space 41984K, 43% used [0x00000000c2400000,0x00000000c3608660,0x00000000c4d00000)
 PSPermGen       total 21504K, used 9258K [0x00000000b7e00000, 0x00000000b9300000, 0x00000000c2400000)
  object space 21504K, 43% used [0x00000000b7e00000,0x00000000b870ab40,0x00000000b9300000)
GC Heap History (10 events):
Event: 272.259 GC heap before
{Heap before GC invocations=871 (full 0):
 PSYoungGen      total 36352K, used 35904K [0x00000000eb680000, 0x00000000fa900000, 0x0000000100000000)
  eden space 35840K, 100% used [0x00000000eb680000,0x00000000ed980000,0x00000000ed980000)
  from space 512K, 12% used [0x00000000fa880000,0x00000000fa890000,0x00000000fa900000)
  to   space 1536K, 0% used [0x00000000fa600000,0x00000000fa600000,0x00000000fa780000)
 ParOldGen       total 41984K, used 17990K [0x00000000c2400000, 0x00000000c4d00000, 0x00000000eb680000)
  object space 41984K, 42% used [0x00000000c2400000,0x00000000c3591a78,0x00000000c4d00000)
 PSPermGen       total 21504K, used 9112K [0x00000000b7e00000, 0x00000000b9300000, 0x00000000c2400000)
  object space 21504K, 42% used [0x00000000b7e00000,0x00000000b86e6240,0x00000000b9300000)
Event: 272.261 GC heap after
Heap after GC invocations=871 (full 0):
 PSYoungGen      total 44544K, used 96K [0x00000000eb680000, 0x00000000fa900000, 0x0000000100000000)
  eden space 43008K, 0% used [0x00000000eb680000,0x00000000eb680000,0x00000000ee080000)
  from space 1536K, 6% used [0x00000000fa600000,0x00000000fa618000,0x00000000fa780000)
  to   space 1024K, 0% used [0x00000000fa800000,0x00000000fa800000,0x00000000fa900000)
 ParOldGen       total 41984K, used 17990K [0x00000000c2400000, 0x00000000c4d00000, 0x00000000eb680000)
  object space 41984K, 42% used [0x00000000c2400000,0x00000000c3591a78,0x00000000c4d00000)
 PSPermGen       total 21504K, used 9112K [0x00000000b7e00000, 0x00000000b9300000, 0x00000000c2400000)
  object space 21504K, 42% used [0x00000000b7e00000,0x00000000b86e6240,0x00000000b9300000)
}
Event: 272.291 GC heap before
{Heap before GC invocations=872 (full 0):
 PSYoungGen      total 44544K, used 43104K [0x00000000eb680000, 0x00000000fa900000, 0x0000000100000000)
  eden space 43008K, 100% used [0x00000000eb680000,0x00000000ee080000,0x00000000ee080000)
  from space 1536K, 6% used [0x00000000fa600000,0x00000000fa618000,0x00000000fa780000)
  to   space 1024K, 0% used [0x00000000fa800000,0x00000000fa800000,0x00000000fa900000)
 ParOldGen       total 41984K, used 17990K [0x00000000c2400000, 0x00000000c4d00000, 0x00000000eb680000)
  object space 41984K, 42% used [0x00000000c2400000,0x00000000c3591a78,0x00000000c4d00000)
 PSPermGen       total 21504K, used 9112K [0x00000000b7e00000, 0x00000000b9300000, 0x00000000c2400000)
  object space 21504K, 42% used [0x00000000b7e00000,0x00000000b86e6240,0x00000000b9300000)
Event: 272.293 GC heap after
Heap after GC invocations=872 (full 0):
 PSYoungGen      total 52224K, used 96K [0x00000000eb680000, 0x00000000fa880000, 0x0000000100000000)
  eden space 51712K, 0% used [0x00000000eb680000,0x00000000eb680000,0x00000000ee900000)
  from space 512K, 18% used [0x00000000fa800000,0x00000000fa818000,0x00000000fa880000)
  to   space 1024K, 0% used [0x00000000fa680000,0x00000000fa680000,0x00000000fa780000)
 ParOldGen       total 41984K, used 17990K [0x00000000c2400000, 0x00000000c4d00000, 0x00000000eb680000)
  object space 41984K, 42% used [0x00000000c2400000,0x00000000c3591a78,0x00000000c4d00000)
 PSPermGen       total 21504K, used 9112K [0x00000000b7e00000, 0x00000000b9300000, 0x00000000c2400000)
  object space 21504K, 42% used [0x00000000b7e00000,0x00000000b86e6240,0x00000000b9300000)
}
Event: 273.007 GC heap before
{Heap before GC invocations=873 (full 0):
 PSYoungGen      total 52224K, used 51808K [0x00000000eb680000, 0x00000000fa880000, 0x0000000100000000)
  eden space 51712K, 100% used [0x00000000eb680000,0x00000000ee900000,0x00000000ee900000)
  from space 512K, 18% used [0x00000000fa800000,0x00000000fa818000,0x00000000fa880000)
  to   space 1024K, 0% used [0x00000000fa680000,0x00000000fa680000,0x00000000fa780000)
 ParOldGen       total 41984K, used 17990K [0x00000000c2400000, 0x00000000c4d00000, 0x00000000eb680000)
  object space 41984K, 42% used [0x00000000c2400000,0x00000000c3591a78,0x00000000c4d00000)
 PSPermGen       total 21504K, used 9173K [0x00000000b7e00000, 0x00000000b9300000, 0x00000000c2400000)
  object space 21504K, 42% used [0x00000000b7e00000,0x00000000b86f5638,0x00000000b9300000)
Event: 273.008 GC heap after
Heap after GC invocations=873 (full 0):
 PSYoungGen      total 63488K, used 480K [0x00000000eb680000, 0x00000000fa880000, 0x0000000100000000)
  eden space 62464K, 0% used [0x00000000eb680000,0x00000000eb680000,0x00000000ef380000)
  from space 1024K, 46% used [0x00000000fa680000,0x00000000fa6f8000,0x00000000fa780000)
  to   space 1024K, 0% used [0x00000000fa780000,0x00000000fa780000,0x00000000fa880000)
 ParOldGen       total 41984K, used 17990K [0x00000000c2400000, 0x00000000c4d00000, 0x00000000eb680000)
  object space 41984K, 42% used [0x00000000c2400000,0x00000000c3591a78,0x00000000c4d00000)
 PSPermGen       total 21504K, used 9173K [0x00000000b7e00000, 0x00000000b9300000, 0x00000000c2400000)
  object space 21504K, 42% used [0x00000000b7e00000,0x00000000b86f5638,0x00000000b9300000)
}
Event: 273.534 GC heap before
{Heap before GC invocations=874 (full 0):
 PSYoungGen      total 63488K, used 62944K [0x00000000eb680000, 0x00000000fa880000, 0x0000000100000000)
  eden space 62464K, 100% used [0x00000000eb680000,0x00000000ef380000,0x00000000ef380000)
  from space 1024K, 46% used [0x00000000fa680000,0x00000000fa6f8000,0x00000000fa780000)
  to   space 1024K, 0% used [0x00000000fa780000,0x00000000fa780000,0x00000000fa880000)
 ParOldGen       total 41984K, used 17990K [0x00000000c2400000, 0x00000000c4d00000, 0x00000000eb680000)
  object space 41984K, 42% used [0x00000000c2400000,0x00000000c3591a78,0x00000000c4d00000)
 PSPermGen       total 21504K, used 9180K [0x00000000b7e00000, 0x00000000b9300000, 0x00000000c2400000)
  object space 21504K, 42% used [0x00000000b7e00000,0x00000000b86f70e0,0x00000000b9300000)
Event: 273.536 GC heap after
Heap after GC invocations=874 (full 0):
 PSYoungGen      total 75776K, used 256K [0x00000000eb680000, 0x00000000fa800000, 0x0000000100000000)
  eden space 75264K, 0% used [0x00000000eb680000,0x00000000eb680000,0x00000000f0000000)
  from space 512K, 50% used [0x00000000fa780000,0x00000000fa7c0000,0x00000000fa800000)
  to   space 1024K, 0% used [0x00000000fa600000,0x00000000fa600000,0x00000000fa700000)
 ParOldGen       total 41984K, used 18336K [0x00000000c2400000, 0x00000000c4d00000, 0x00000000eb680000)
  object space 41984K, 43% used [0x00000000c2400000,0x00000000c35e8268,0x00000000c4d00000)
 PSPermGen       total 21504K, used 9180K [0x00000000b7e00000, 0x00000000b9300000, 0x00000000c2400000)
  object space 21504K, 42% used [0x00000000b7e00000,0x00000000b86f70e0,0x00000000b9300000)
}
Event: 273.598 GC heap before
{Heap before GC invocations=875 (full 0):
 PSYoungGen      total 75776K, used 75520K [0x00000000eb680000, 0x00000000fa800000, 0x0000000100000000)
  eden space 75264K, 100% used [0x00000000eb680000,0x00000000f0000000,0x00000000f0000000)
  from space 512K, 50% used [0x00000000fa780000,0x00000000fa7c0000,0x00000000fa800000)
  to   space 1024K, 0% used [0x00000000fa600000,0x00000000fa600000,0x00000000fa700000)
 ParOldGen       total 41984K, used 18336K [0x00000000c2400000, 0x00000000c4d00000, 0x00000000eb680000)
  object space 41984K, 43% used [0x00000000c2400000,0x00000000c35e8268,0x00000000c4d00000)
 PSPermGen       total 21504K, used 9180K [0x00000000b7e00000, 0x00000000b9300000, 0x00000000c2400000)
  object space 21504K, 42% used [0x00000000b7e00000,0x00000000b86f70e0,0x00000000b9300000)
Event: 273.599 GC heap after
Heap after GC invocations=875 (full 0):
 PSYoungGen      total 91648K, used 32K [0x00000000eb680000, 0x00000000fa800000, 0x0000000100000000)
  eden space 90624K, 0% used [0x00000000eb680000,0x00000000eb680000,0x00000000f0f00000)
  from space 1024K, 3% used [0x00000000fa600000,0x00000000fa608000,0x00000000fa700000)
  to   space 1024K, 0% used [0x00000000fa700000,0x00000000fa700000,0x00000000fa800000)
 ParOldGen       total 41984K, used 18465K [0x00000000c2400000, 0x00000000c4d00000, 0x00000000eb680000)
  object space 41984K, 43% used [0x00000000c2400000,0x00000000c3608660,0x00000000c4d00000)
 PSPermGen       total 21504K, used 9180K [0x00000000b7e00000, 0x00000000b9300000, 0x00000000c2400000)
  object space 21504K, 42% used [0x00000000b7e00000,0x00000000b86f70e0,0x00000000b9300000)
}

