# JRE version: OpenJDK Runtime Environment (7.0_95) (build 1.7.0_95-b00)
# Java VM: OpenJDK 64-Bit Server VM (24.95-b01 mixed mode linux-amd64 compressed oops)
Heap
 PSYoungGen      total 266240K, used 1924K [0x00000000eb680000, 0x0000000100000000, 0x0000000100000000)
  eden space 230912K, 0% used [0x00000000eb680000,0x00000000eb680000,0x00000000f9800000)
  from space 35328K, 5% used [0x00000000fdd80000,0x00000000fdf61320,0x0000000100000000)
  to   space 53248K, 0% used [0x00000000f9800000,0x00000000f9800000,0x00000000fcc00000)
 ParOldGen       total 87552K, used 87391K [0x00000000c2400000, 0x00000000c7980000, 0x00000000eb680000)
  object space 87552K, 99% used [0x00000000c2400000,0x00000000c7957da0,0x00000000c7980000)
 PSPermGen       total 40960K, used 25114K [0x00000000b7e00000, 0x00000000ba600000, 0x00000000c2400000)
  object space 40960K, 61% used [0x00000000b7e00000,0x00000000b96869f0,0x00000000ba600000)
GC Heap History (10 events):
Event: 7.721 GC heap after
Heap after GC invocations=7 (full 0):
 PSYoungGen      total 140800K, used 9712K [0x00000000eb680000, 0x00000000fd180000, 0x0000000100000000)
  eden space 131072K, 0% used [0x00000000eb680000,0x00000000eb680000,0x00000000f3680000)
  from space 9728K, 99% used [0x00000000f3680000,0x00000000f3ffc010,0x00000000f4000000)
  to   space 13824K, 0% used [0x00000000fc400000,0x00000000fc400000,0x00000000fd180000)
 ParOldGen       total 41984K, used 18565K [0x00000000c2400000, 0x00000000c4d00000, 0x00000000eb680000)
  object space 41984K, 44% used [0x00000000c2400000,0x00000000c36217f0,0x00000000c4d00000)
 PSPermGen       total 21504K, used 15583K [0x00000000b7e00000, 0x00000000b9300000, 0x00000000c2400000)
  object space 21504K, 72% used [0x00000000b7e00000,0x00000000b8d37dd8,0x00000000b9300000)
}
Event: 10.273 GC heap before
{Heap before GC invocations=8 (full 0):
 PSYoungGen      total 140800K, used 140784K [0x00000000eb680000, 0x00000000fd180000, 0x0000000100000000)
  eden space 131072K, 100% used [0x00000000eb680000,0x00000000f3680000,0x00000000f3680000)
  from space 9728K, 99% used [0x00000000f3680000,0x00000000f3ffc010,0x00000000f4000000)
  to   space 13824K, 0% used [0x00000000fc400000,0x00000000fc400000,0x00000000fd180000)
 ParOldGen       total 41984K, used 18565K [0x00000000c2400000, 0x00000000c4d00000, 0x00000000eb680000)
  object space 41984K, 44% used [0x00000000c2400000,0x00000000c36217f0,0x00000000c4d00000)
 PSPermGen       total 21504K, used 20299K [0x00000000b7e00000, 0x00000000b9300000, 0x00000000c2400000)
  object space 21504K, 94% used [0x00000000b7e00000,0x00000000b91d2f38,0x00000000b9300000)
Event: 10.348 GC heap after
Heap after GC invocations=8 (full 0):
 PSYoungGen      total 262656K, used 13806K [0x00000000eb680000, 0x00000000feb80000, 0x0000000100000000)
  eden space 248832K, 0% used [0x00000000eb680000,0x00000000eb680000,0x00000000fa980000)
  from space 13824K, 99% used [0x00000000fc400000,0x00000000fd17b9d0,0x00000000fd180000)
  to   space 27136K, 0% used [0x00000000fa980000,0x00000000fa980000,0x00000000fc400000)
 ParOldGen       total 44032K, used 43869K [0x00000000c2400000, 0x00000000c4f00000, 0x00000000eb680000)
  object space 44032K, 99% used [0x00000000c2400000,0x00000000c4ed7460,0x00000000c4f00000)
 PSPermGen       total 21504K, used 20299K [0x00000000b7e00000, 0x00000000b9300000, 0x00000000c2400000)
  object space 21504K, 94% used [0x00000000b7e00000,0x00000000b91d2f38,0x00000000b9300000)
}
Event: 10.348 GC heap before
{Heap before GC invocations=9 (full 1):
 PSYoungGen      total 262656K, used 13806K [0x00000000eb680000, 0x00000000feb80000, 0x0000000100000000)
  eden space 248832K, 0% used [0x00000000eb680000,0x00000000eb680000,0x00000000fa980000)
  from space 13824K, 99% used [0x00000000fc400000,0x00000000fd17b9d0,0x00000000fd180000)
  to   space 27136K, 0% used [0x00000000fa980000,0x00000000fa980000,0x00000000fc400000)
 ParOldGen       total 44032K, used 43869K [0x00000000c2400000, 0x00000000c4f00000, 0x00000000eb680000)
  object space 44032K, 99% used [0x00000000c2400000,0x00000000c4ed7460,0x00000000c4f00000)
 PSPermGen       total 21504K, used 20299K [0x00000000b7e00000, 0x00000000b9300000, 0x00000000c2400000)
  object space 21504K, 94% used [0x00000000b7e00000,0x00000000b91d2f38,0x00000000b9300000)
Event: 10.741 GC heap after
Heap after GC invocations=9 (full 1):
 PSYoungGen      total 262656K, used 4823K [0x00000000eb680000, 0x00000000feb80000, 0x0000000100000000)
  eden space 248832K, 0% used [0x00000000eb680000,0x00000000eb680000,0x00000000fa980000)
  from space 13824K, 34% used [0x00000000fc400000,0x00000000fc8b5fc0,0x00000000fd180000)
  to   space 27136K, 0% used [0x00000000fa980000,0x00000000fa980000,0x00000000fc400000)
 ParOldGen       total 87552K, used 43795K [0x00000000c2400000, 0x00000000c7980000, 0x00000000eb680000)
  object space 87552K, 50% used [0x00000000c2400000,0x00000000c4ec4f98,0x00000000c7980000)
 PSPermGen       total 40960K, used 20287K [0x00000000b7e00000, 0x00000000ba600000, 0x00000000c2400000)
  object space 40960K, 49% used [0x00000000b7e00000,0x00000000b91cfe78,0x00000000ba600000)
}
Event: 15.805 GC heap before
{Heap before GC invocations=10 (full 1):
 PSYoungGen      total 262656K, used 253655K [0x00000000eb680000, 0x00000000feb80000, 0x0000000100000000)
  eden space 248832K, 100% used [0x00000000eb680000,0x00000000fa980000,0x00000000fa980000)
  from space 13824K, 34% used [0x00000000fc400000,0x00000000fc8b5fc0,0x00000000fd180000)
  to   space 27136K, 0% used [0x00000000fa980000,0x00000000fa980000,0x00000000fc400000)
 ParOldGen       total 87552K, used 43795K [0x00000000c2400000, 0x00000000c7980000, 0x00000000eb680000)
  object space 87552K, 50% used [0x00000000c2400000,0x00000000c4ec4f98,0x00000000c7980000)
 PSPermGen       total 40960K, used 22143K [0x00000000b7e00000, 0x00000000ba600000, 0x00000000c2400000)
  object space 40960K, 54% used [0x00000000b7e00000,0x00000000b939ff20,0x00000000ba600000)
Event: 15.924 GC heap after
Heap after GC invocations=10 (full 1):
 PSYoungGen      total 275968K, used 27120K [0x00000000eb680000, 0x0000000100000000, 0x0000000100000000)
  eden space 248832K, 0% used [0x00000000eb680000,0x00000000eb680000,0x00000000fa980000)
  from space 27136K, 99% used [0x00000000fa980000,0x00000000fc3fc078,0x00000000fc400000)
  to   space 35328K, 0% used [0x00000000fdd80000,0x00000000fdd80000,0x0000000100000000)
 ParOldGen       total 87552K, used 52278K [0x00000000c2400000, 0x00000000c7980000, 0x00000000eb680000)
  object space 87552K, 59% used [0x00000000c2400000,0x00000000c570dba8,0x00000000c7980000)
 PSPermGen       total 40960K, used 22143K [0x00000000b7e00000, 0x00000000ba600000, 0x00000000c2400000)
  object space 40960K, 54% used [0x00000000b7e00000,0x00000000b939ff20,0x00000000ba600000)
}
Event: 23.511 GC heap before
{Heap before GC invocations=11 (full 1):
 PSYoungGen      total 275968K, used 275952K [0x00000000eb680000, 0x0000000100000000, 0x0000000100000000)
  eden space 248832K, 100% used [0x00000000eb680000,0x00000000fa980000,0x00000000fa980000)
  from space 27136K, 99% used [0x00000000fa980000,0x00000000fc3fc078,0x00000000fc400000)
  to   space 35328K, 0% used [0x00000000fdd80000,0x00000000fdd80000,0x0000000100000000)
 ParOldGen       total 87552K, used 52278K [0x00000000c2400000, 0x00000000c7980000, 0x00000000eb680000)
  object space 87552K, 59% used [0x00000000c2400000,0x00000000c570dba8,0x00000000c7980000)
 PSPermGen       total 40960K, used 25132K [0x00000000b7e00000, 0x00000000ba600000, 0x00000000c2400000)
  object space 40960K, 61% used [0x00000000b7e00000,0x00000000b968b308,0x00000000ba600000)
Event: 23.655 GC heap after
Heap after GC invocations=11 (full 1):
 PSYoungGen      total 266240K, used 35325K [0x00000000eb680000, 0x0000000100000000, 0x0000000100000000)
  eden space 230912K, 0% used [0x00000000eb680000,0x00000000eb680000,0x00000000f9800000)
  from space 35328K, 99% used [0x00000000fdd80000,0x00000000fffff5c0,0x0000000100000000)
  to   space 53248K, 0% used [0x00000000f9800000,0x00000000f9800000,0x00000000fcc00000)
 ParOldGen       total 87552K, used 84385K [0x00000000c2400000, 0x00000000c7980000, 0x00000000eb680000)
  object space 87552K, 96% used [0x00000000c2400000,0x00000000c7668580,0x00000000c7980000)
 PSPermGen       total 40960K, used 25132K [0x00000000b7e00000, 0x00000000ba600000, 0x00000000c2400000)
  object space 40960K, 61% used [0x00000000b7e00000,0x00000000b968b308,0x00000000ba600000)
}
Event: 23.657 GC heap before
{Heap before GC invocations=12 (full 2):
 PSYoungGen      total 266240K, used 35325K [0x00000000eb680000, 0x0000000100000000, 0x0000000100000000)
  eden space 230912K, 0% used [0x00000000eb680000,0x00000000eb680000,0x00000000f9800000)
  from space 35328K, 99% used [0x00000000fdd80000,0x00000000fffff5c0,0x0000000100000000)
  to   space 53248K, 0% used [0x00000000f9800000,0x00000000f9800000,0x00000000fcc00000)
 ParOldGen       total 87552K, used 84385K [0x00000000c2400000, 0x00000000c7980000, 0x00000000eb680000)
  object space 87552K, 96% used [0x00000000c2400000,0x00000000c7668580,0x00000000c7980000)
 PSPermGen       total 40960K, used 25132K [0x00000000b7e00000, 0x00000000ba600000, 0x00000000c2400000)
  object space 40960K, 61% used [0x00000000b7e00000,0x00000000b968b308,0x00000000ba600000)

