# JRE version: OpenJDK Runtime Environment (7.0_95) (build 1.7.0_95-b00)
# Java VM: OpenJDK 64-Bit Server VM (24.95-b01 mixed mode linux-amd64 compressed oops)
Heap
 PSYoungGen      total 249344K, used 0K [0x00000000eb680000, 0x00000000ff880000, 0x0000000100000000)
  eden space 169984K, 0% used [0x00000000eb680000,0x00000000eb680000,0x00000000f5c80000)
  from space 79360K, 0% used [0x00000000fa800000,0x00000000fa800000,0x00000000ff580000)
  to   space 77312K, 0% used [0x00000000f5c80000,0x00000000f5c80000,0x00000000fa800000)
 ParOldGen       total 156160K, used 140277K [0x00000000c2400000, 0x00000000cbc80000, 0x00000000eb680000)
  object space 156160K, 89% used [0x00000000c2400000,0x00000000cacfd538,0x00000000cbc80000)
 PSPermGen       total 49664K, used 25128K [0x00000000b7e00000, 0x00000000bae80000, 0x00000000c2400000)
  object space 49664K, 50% used [0x00000000b7e00000,0x00000000b968a3e8,0x00000000bae80000)
GC Heap History (10 events):
Event: 55.835 GC heap after
Heap after GC invocations=24 (full 2):
 PSYoungGen      total 236544K, used 39722K [0x00000000eb680000, 0x0000000100000000, 0x0000000100000000)
  eden space 142336K, 0% used [0x00000000eb680000,0x00000000eb680000,0x00000000f4180000)
  from space 94208K, 42% used [0x00000000f9980000,0x00000000fc04abf0,0x00000000ff580000)
  to   space 90112K, 0% used [0x00000000f4180000,0x00000000f4180000,0x00000000f9980000)
 ParOldGen       total 156160K, used 119131K [0x00000000c2400000, 0x00000000cbc80000, 0x00000000eb680000)
  object space 156160K, 76% used [0x00000000c2400000,0x00000000c9856cc8,0x00000000cbc80000)
 PSPermGen       total 49664K, used 25128K [0x00000000b7e00000, 0x00000000bae80000, 0x00000000c2400000)
  object space 49664K, 50% used [0x00000000b7e00000,0x00000000b968a110,0x00000000bae80000)
}
Event: 57.609 GC heap before
{Heap before GC invocations=25 (full 2):
 PSYoungGen      total 236544K, used 182058K [0x00000000eb680000, 0x0000000100000000, 0x0000000100000000)
  eden space 142336K, 100% used [0x00000000eb680000,0x00000000f4180000,0x00000000f4180000)
  from space 94208K, 42% used [0x00000000f9980000,0x00000000fc04abf0,0x00000000ff580000)
  to   space 90112K, 0% used [0x00000000f4180000,0x00000000f4180000,0x00000000f9980000)
 ParOldGen       total 156160K, used 119131K [0x00000000c2400000, 0x00000000cbc80000, 0x00000000eb680000)
  object space 156160K, 76% used [0x00000000c2400000,0x00000000c9856cc8,0x00000000cbc80000)
 PSPermGen       total 49664K, used 25128K [0x00000000b7e00000, 0x00000000bae80000, 0x00000000c2400000)
  object space 49664K, 50% used [0x00000000b7e00000,0x00000000b968a110,0x00000000bae80000)
Event: 57.679 GC heap after
Heap after GC invocations=25 (full 2):
 PSYoungGen      total 232448K, used 37864K [0x00000000eb680000, 0x00000000ff500000, 0x0000000100000000)
  eden space 142336K, 0% used [0x00000000eb680000,0x00000000eb680000,0x00000000f4180000)
  from space 90112K, 42% used [0x00000000f4180000,0x00000000f667a200,0x00000000f9980000)
  to   space 86528K, 0% used [0x00000000fa080000,0x00000000fa080000,0x00000000ff500000)
 ParOldGen       total 156160K, used 124763K [0x00000000c2400000, 0x00000000cbc80000, 0x00000000eb680000)
  object space 156160K, 79% used [0x00000000c2400000,0x00000000c9dd6cc8,0x00000000cbc80000)
 PSPermGen       total 49664K, used 25128K [0x00000000b7e00000, 0x00000000bae80000, 0x00000000c2400000)
  object space 49664K, 50% used [0x00000000b7e00000,0x00000000b968a110,0x00000000bae80000)
}
Event: 59.291 GC heap before
{Heap before GC invocations=26 (full 2):
 PSYoungGen      total 232448K, used 180200K [0x00000000eb680000, 0x00000000ff500000, 0x0000000100000000)
  eden space 142336K, 100% used [0x00000000eb680000,0x00000000f4180000,0x00000000f4180000)
  from space 90112K, 42% used [0x00000000f4180000,0x00000000f667a200,0x00000000f9980000)
  to   space 86528K, 0% used [0x00000000fa080000,0x00000000fa080000,0x00000000ff500000)
 ParOldGen       total 156160K, used 124763K [0x00000000c2400000, 0x00000000cbc80000, 0x00000000eb680000)
  object space 156160K, 79% used [0x00000000c2400000,0x00000000c9dd6cc8,0x00000000cbc80000)
 PSPermGen       total 49664K, used 25128K [0x00000000b7e00000, 0x00000000bae80000, 0x00000000c2400000)
  object space 49664K, 50% used [0x00000000b7e00000,0x00000000b968a3c8,0x00000000bae80000)
Event: 59.350 GC heap after
Heap after GC invocations=26 (full 2):
 PSYoungGen      total 243200K, used 36950K [0x00000000eb680000, 0x00000000ff580000, 0x0000000100000000)
  eden space 156672K, 0% used [0x00000000eb680000,0x00000000eb680000,0x00000000f4f80000)
  from space 86528K, 42% used [0x00000000fa080000,0x00000000fc495ae0,0x00000000ff500000)
  to   space 82944K, 0% used [0x00000000f4f80000,0x00000000f4f80000,0x00000000fa080000)
 ParOldGen       total 156160K, used 130603K [0x00000000c2400000, 0x00000000cbc80000, 0x00000000eb680000)
  object space 156160K, 83% used [0x00000000c2400000,0x00000000ca38acd8,0x00000000cbc80000)
 PSPermGen       total 49664K, used 25128K [0x00000000b7e00000, 0x00000000bae80000, 0x00000000c2400000)
  object space 49664K, 50% used [0x00000000b7e00000,0x00000000b968a3c8,0x00000000bae80000)
}
Event: 61.316 GC heap before
{Heap before GC invocations=27 (full 2):
 PSYoungGen      total 243200K, used 193622K [0x00000000eb680000, 0x00000000ff580000, 0x0000000100000000)
  eden space 156672K, 100% used [0x00000000eb680000,0x00000000f4f80000,0x00000000f4f80000)
  from space 86528K, 42% used [0x00000000fa080000,0x00000000fc495ae0,0x00000000ff500000)
  to   space 82944K, 0% used [0x00000000f4f80000,0x00000000f4f80000,0x00000000fa080000)
 ParOldGen       total 156160K, used 130603K [0x00000000c2400000, 0x00000000cbc80000, 0x00000000eb680000)
  object space 156160K, 83% used [0x00000000c2400000,0x00000000ca38acd8,0x00000000cbc80000)
 PSPermGen       total 49664K, used 25128K [0x00000000b7e00000, 0x00000000bae80000, 0x00000000c2400000)
  object space 49664K, 50% used [0x00000000b7e00000,0x00000000b968a3c8,0x00000000bae80000)
Event: 61.381 GC heap after
Heap after GC invocations=27 (full 2):
 PSYoungGen      total 239616K, used 43495K [0x00000000eb680000, 0x00000000ff580000, 0x0000000100000000)
  eden space 156672K, 0% used [0x00000000eb680000,0x00000000eb680000,0x00000000f4f80000)
  from space 82944K, 52% used [0x00000000f4f80000,0x00000000f79f9f38,0x00000000fa080000)
  to   space 79360K, 0% used [0x00000000fa800000,0x00000000fa800000,0x00000000ff580000)
 ParOldGen       total 156160K, used 137067K [0x00000000c2400000, 0x00000000cbc80000, 0x00000000eb680000)
  object space 156160K, 87% used [0x00000000c2400000,0x00000000ca9dace8,0x00000000cbc80000)
 PSPermGen       total 49664K, used 25128K [0x00000000b7e00000, 0x00000000bae80000, 0x00000000c2400000)
  object space 49664K, 50% used [0x00000000b7e00000,0x00000000b968a3c8,0x00000000bae80000)
}
Event: 63.626 GC heap before
{Heap before GC invocations=28 (full 2):
 PSYoungGen      total 239616K, used 200167K [0x00000000eb680000, 0x00000000ff580000, 0x0000000100000000)
  eden space 156672K, 100% used [0x00000000eb680000,0x00000000f4f80000,0x00000000f4f80000)
  from space 82944K, 52% used [0x00000000f4f80000,0x00000000f79f9f38,0x00000000fa080000)
  to   space 79360K, 0% used [0x00000000fa800000,0x00000000fa800000,0x00000000ff580000)
 ParOldGen       total 156160K, used 137067K [0x00000000c2400000, 0x00000000cbc80000, 0x00000000eb680000)
  object space 156160K, 87% used [0x00000000c2400000,0x00000000ca9dace8,0x00000000cbc80000)
 PSPermGen       total 49664K, used 25129K [0x00000000b7e00000, 0x00000000bae80000, 0x00000000c2400000)
  object space 49664K, 50% used [0x00000000b7e00000,0x00000000b968a568,0x00000000bae80000)
Event: 63.678 GC heap after
Heap after GC invocations=28 (full 2):
 PSYoungGen      total 249344K, used 33759K [0x00000000eb680000, 0x00000000ff880000, 0x0000000100000000)
  eden space 169984K, 0% used [0x00000000eb680000,0x00000000eb680000,0x00000000f5c80000)
  from space 79360K, 42% used [0x00000000fa800000,0x00000000fc8f7d10,0x00000000ff580000)
  to   space 77312K, 0% used [0x00000000f5c80000,0x00000000f5c80000,0x00000000fa800000)
 ParOldGen       total 156160K, used 143771K [0x00000000c2400000, 0x00000000cbc80000, 0x00000000eb680000)
  object space 156160K, 92% used [0x00000000c2400000,0x00000000cb066cf8,0x00000000cbc80000)
 PSPermGen       total 49664K, used 25129K [0x00000000b7e00000, 0x00000000bae80000, 0x00000000c2400000)
  object space 49664K, 50% used [0x00000000b7e00000,0x00000000b968a568,0x00000000bae80000)
}
Event: 63.678 GC heap before
{Heap before GC invocations=29 (full 3):
 PSYoungGen      total 249344K, used 33759K [0x00000000eb680000, 0x00000000ff880000, 0x0000000100000000)
  eden space 169984K, 0% used [0x00000000eb680000,0x00000000eb680000,0x00000000f5c80000)
  from space 79360K, 42% used [0x00000000fa800000,0x00000000fc8f7d10,0x00000000ff580000)
  to   space 77312K, 0% used [0x00000000f5c80000,0x00000000f5c80000,0x00000000fa800000)
 ParOldGen       total 156160K, used 143771K [0x00000000c2400000, 0x00000000cbc80000, 0x00000000eb680000)
  object space 156160K, 92% used [0x00000000c2400000,0x00000000cb066cf8,0x00000000cbc80000)
 PSPermGen       total 49664K, used 25129K [0x00000000b7e00000, 0x00000000bae80000, 0x00000000c2400000)
  object space 49664K, 50% used [0x00000000b7e00000,0x00000000b968a568,0x00000000bae80000)

