# JRE version: OpenJDK Runtime Environment (7.0_95) (build 1.7.0_95-b00)
# Java VM: OpenJDK 64-Bit Server VM (24.95-b01 mixed mode linux-amd64 compressed oops)
Heap
 PSYoungGen      total 265728K, used 948K [0x00000000eb680000, 0x0000000100000000, 0x0000000100000000)
  eden space 229888K, 0% used [0x00000000eb680000,0x00000000eb680000,0x00000000f9700000)
  from space 35840K, 2% used [0x00000000fdd00000,0x00000000fdded078,0x0000000100000000)
  to   space 53760K, 0% used [0x00000000f9700000,0x00000000f9700000,0x00000000fcb80000)
 ParOldGen       total 89600K, used 89581K [0x00000000c2400000, 0x00000000c7b80000, 0x00000000eb680000)
  object space 89600K, 99% used [0x00000000c2400000,0x00000000c7b7b698,0x00000000c7b80000)
 PSPermGen       total 40960K, used 25112K [0x00000000b7e00000, 0x00000000ba600000, 0x00000000c2400000)
  object space 40960K, 61% used [0x00000000b7e00000,0x00000000b9686290,0x00000000ba600000)
GC Heap History (10 events):
Event: 7.659 GC heap after
Heap after GC invocations=7 (full 0):
 PSYoungGen      total 140800K, used 9728K [0x00000000eb680000, 0x00000000fd180000, 0x0000000100000000)
  eden space 131072K, 0% used [0x00000000eb680000,0x00000000eb680000,0x00000000f3680000)
  from space 9728K, 100% used [0x00000000f3680000,0x00000000f4000000,0x00000000f4000000)
  to   space 13824K, 0% used [0x00000000fc400000,0x00000000fc400000,0x00000000fd180000)
 ParOldGen       total 41984K, used 18587K [0x00000000c2400000, 0x00000000c4d00000, 0x00000000eb680000)
  object space 41984K, 44% used [0x00000000c2400000,0x00000000c3626ea0,0x00000000c4d00000)
 PSPermGen       total 21504K, used 15584K [0x00000000b7e00000, 0x00000000b9300000, 0x00000000c2400000)
  object space 21504K, 72% used [0x00000000b7e00000,0x00000000b8d380f8,0x00000000b9300000)
}
Event: 9.942 GC heap before
{Heap before GC invocations=8 (full 0):
 PSYoungGen      total 140800K, used 140800K [0x00000000eb680000, 0x00000000fd180000, 0x0000000100000000)
  eden space 131072K, 100% used [0x00000000eb680000,0x00000000f3680000,0x00000000f3680000)
  from space 9728K, 100% used [0x00000000f3680000,0x00000000f4000000,0x00000000f4000000)
  to   space 13824K, 0% used [0x00000000fc400000,0x00000000fc400000,0x00000000fd180000)
 ParOldGen       total 41984K, used 18587K [0x00000000c2400000, 0x00000000c4d00000, 0x00000000eb680000)
  object space 41984K, 44% used [0x00000000c2400000,0x00000000c3626ea0,0x00000000c4d00000)
 PSPermGen       total 21504K, used 20303K [0x00000000b7e00000, 0x00000000b9300000, 0x00000000c2400000)
  object space 21504K, 94% used [0x00000000b7e00000,0x00000000b91d3d10,0x00000000b9300000)
Event: 10.009 GC heap after
Heap after GC invocations=8 (full 0):
 PSYoungGen      total 262144K, used 13822K [0x00000000eb680000, 0x00000000fec80000, 0x0000000100000000)
  eden space 248320K, 0% used [0x00000000eb680000,0x00000000eb680000,0x00000000fa900000)
  from space 13824K, 99% used [0x00000000fc400000,0x00000000fd17fb08,0x00000000fd180000)
  to   space 27648K, 0% used [0x00000000fa900000,0x00000000fa900000,0x00000000fc400000)
 ParOldGen       total 45568K, used 45221K [0x00000000c2400000, 0x00000000c5080000, 0x00000000eb680000)
  object space 45568K, 99% used [0x00000000c2400000,0x00000000c5029488,0x00000000c5080000)
 PSPermGen       total 21504K, used 20303K [0x00000000b7e00000, 0x00000000b9300000, 0x00000000c2400000)
  object space 21504K, 94% used [0x00000000b7e00000,0x00000000b91d3d10,0x00000000b9300000)
}
Event: 10.009 GC heap before
{Heap before GC invocations=9 (full 1):
 PSYoungGen      total 262144K, used 13822K [0x00000000eb680000, 0x00000000fec80000, 0x0000000100000000)
  eden space 248320K, 0% used [0x00000000eb680000,0x00000000eb680000,0x00000000fa900000)
  from space 13824K, 99% used [0x00000000fc400000,0x00000000fd17fb08,0x00000000fd180000)
  to   space 27648K, 0% used [0x00000000fa900000,0x00000000fa900000,0x00000000fc400000)
 ParOldGen       total 45568K, used 45221K [0x00000000c2400000, 0x00000000c5080000, 0x00000000eb680000)
  object space 45568K, 99% used [0x00000000c2400000,0x00000000c5029488,0x00000000c5080000)
 PSPermGen       total 21504K, used 20303K [0x00000000b7e00000, 0x00000000b9300000, 0x00000000c2400000)
  object space 21504K, 94% used [0x00000000b7e00000,0x00000000b91d3d10,0x00000000b9300000)
Event: 10.426 GC heap after
Heap after GC invocations=9 (full 1):
 PSYoungGen      total 262144K, used 6112K [0x00000000eb680000, 0x00000000fec80000, 0x0000000100000000)
  eden space 248320K, 0% used [0x00000000eb680000,0x00000000eb680000,0x00000000fa900000)
  from space 13824K, 44% used [0x00000000fc400000,0x00000000fc9f80f8,0x00000000fd180000)
  to   space 27648K, 0% used [0x00000000fa900000,0x00000000fa900000,0x00000000fc400000)
 ParOldGen       total 89600K, used 45213K [0x00000000c2400000, 0x00000000c7b80000, 0x00000000eb680000)
  object space 89600K, 50% used [0x00000000c2400000,0x00000000c50275a8,0x00000000c7b80000)
 PSPermGen       total 40960K, used 20291K [0x00000000b7e00000, 0x00000000ba600000, 0x00000000c2400000)
  object space 40960K, 49% used [0x00000000b7e00000,0x00000000b91d0d10,0x00000000ba600000)
}
Event: 15.621 GC heap before
{Heap before GC invocations=10 (full 1):
 PSYoungGen      total 262144K, used 254432K [0x00000000eb680000, 0x00000000fec80000, 0x0000000100000000)
  eden space 248320K, 100% used [0x00000000eb680000,0x00000000fa900000,0x00000000fa900000)
  from space 13824K, 44% used [0x00000000fc400000,0x00000000fc9f80f8,0x00000000fd180000)
  to   space 27648K, 0% used [0x00000000fa900000,0x00000000fa900000,0x00000000fc400000)
 ParOldGen       total 89600K, used 45213K [0x00000000c2400000, 0x00000000c7b80000, 0x00000000eb680000)
  object space 89600K, 50% used [0x00000000c2400000,0x00000000c50275a8,0x00000000c7b80000)
 PSPermGen       total 40960K, used 22092K [0x00000000b7e00000, 0x00000000ba600000, 0x00000000c2400000)
  object space 40960K, 53% used [0x00000000b7e00000,0x00000000b9393398,0x00000000ba600000)
Event: 15.731 GC heap after
Heap after GC invocations=10 (full 1):
 PSYoungGen      total 275968K, used 27636K [0x00000000eb680000, 0x0000000100000000, 0x0000000100000000)
  eden space 248320K, 0% used [0x00000000eb680000,0x00000000eb680000,0x00000000fa900000)
  from space 27648K, 99% used [0x00000000fa900000,0x00000000fc3fd3d0,0x00000000fc400000)
  to   space 35840K, 0% used [0x00000000fdd00000,0x00000000fdd00000,0x0000000100000000)
 ParOldGen       total 89600K, used 53350K [0x00000000c2400000, 0x00000000c7b80000, 0x00000000eb680000)
  object space 89600K, 59% used [0x00000000c2400000,0x00000000c5819900,0x00000000c7b80000)
 PSPermGen       total 40960K, used 22092K [0x00000000b7e00000, 0x00000000ba600000, 0x00000000c2400000)
  object space 40960K, 53% used [0x00000000b7e00000,0x00000000b9393398,0x00000000ba600000)
}
Event: 23.753 GC heap before
{Heap before GC invocations=11 (full 1):
 PSYoungGen      total 275968K, used 275956K [0x00000000eb680000, 0x0000000100000000, 0x0000000100000000)
  eden space 248320K, 100% used [0x00000000eb680000,0x00000000fa900000,0x00000000fa900000)
  from space 27648K, 99% used [0x00000000fa900000,0x00000000fc3fd3d0,0x00000000fc400000)
  to   space 35840K, 0% used [0x00000000fdd00000,0x00000000fdd00000,0x0000000100000000)
 ParOldGen       total 89600K, used 53350K [0x00000000c2400000, 0x00000000c7b80000, 0x00000000eb680000)
  object space 89600K, 59% used [0x00000000c2400000,0x00000000c5819900,0x00000000c7b80000)
 PSPermGen       total 40960K, used 25131K [0x00000000b7e00000, 0x00000000ba600000, 0x00000000c2400000)
  object space 40960K, 61% used [0x00000000b7e00000,0x00000000b968acc8,0x00000000ba600000)
Event: 23.902 GC heap after
Heap after GC invocations=11 (full 1):
 PSYoungGen      total 265728K, used 35811K [0x00000000eb680000, 0x0000000100000000, 0x0000000100000000)
  eden space 229888K, 0% used [0x00000000eb680000,0x00000000eb680000,0x00000000f9700000)
  from space 35840K, 99% used [0x00000000fdd00000,0x00000000ffff8df8,0x0000000100000000)
  to   space 53760K, 0% used [0x00000000f9700000,0x00000000f9700000,0x00000000fcb80000)
 ParOldGen       total 89600K, used 85252K [0x00000000c2400000, 0x00000000c7b80000, 0x00000000eb680000)
  object space 89600K, 95% used [0x00000000c2400000,0x00000000c77411c8,0x00000000c7b80000)
 PSPermGen       total 40960K, used 25131K [0x00000000b7e00000, 0x00000000ba600000, 0x00000000c2400000)
  object space 40960K, 61% used [0x00000000b7e00000,0x00000000b968acc8,0x00000000ba600000)
}
Event: 23.904 GC heap before
{Heap before GC invocations=12 (full 2):
 PSYoungGen      total 265728K, used 35811K [0x00000000eb680000, 0x0000000100000000, 0x0000000100000000)
  eden space 229888K, 0% used [0x00000000eb680000,0x00000000eb680000,0x00000000f9700000)
  from space 35840K, 99% used [0x00000000fdd00000,0x00000000ffff8df8,0x0000000100000000)
  to   space 53760K, 0% used [0x00000000f9700000,0x00000000f9700000,0x00000000fcb80000)
 ParOldGen       total 89600K, used 85252K [0x00000000c2400000, 0x00000000c7b80000, 0x00000000eb680000)
  object space 89600K, 95% used [0x00000000c2400000,0x00000000c77411c8,0x00000000c7b80000)
 PSPermGen       total 40960K, used 25131K [0x00000000b7e00000, 0x00000000ba600000, 0x00000000c2400000)
  object space 40960K, 61% used [0x00000000b7e00000,0x00000000b968acc8,0x00000000ba600000)

