# JRE version: OpenJDK Runtime Environment (7.0_95) (build 1.7.0_95-b00)
# Java VM: OpenJDK 64-Bit Server VM (24.95-b01 mixed mode linux-amd64 compressed oops)
Heap
 PSYoungGen      total 139264K, used 10752K [0x00000000eb680000, 0x00000000f4a80000, 0x0000000100000000)
  eden space 128512K, 0% used [0x00000000eb680000,0x00000000eb680000,0x00000000f3400000)
  from space 10752K, 100% used [0x00000000f3400000,0x00000000f3e80000,0x00000000f3e80000)
  to   space 9216K, 0% used [0x00000000f3e80000,0x00000000f3e80000,0x00000000f4780000)
 ParOldGen       total 41984K, used 15393K [0x00000000c2400000, 0x00000000c4d00000, 0x00000000eb680000)
  object space 41984K, 36% used [0x00000000c2400000,0x00000000c3308460,0x00000000c4d00000)
 PSPermGen       total 21504K, used 20694K [0x00000000b7e00000, 0x00000000b9300000, 0x00000000c2400000)
  object space 21504K, 96% used [0x00000000b7e00000,0x00000000b9235818,0x00000000b9300000)
GC Heap History (10 events):
Event: 3.262 GC heap after
Heap after GC invocations=4 (full 0):
 PSYoungGen      total 35328K, used 2544K [0x00000000eb680000, 0x00000000edb80000, 0x0000000100000000)
  eden space 32768K, 0% used [0x00000000eb680000,0x00000000eb680000,0x00000000ed680000)
  from space 2560K, 99% used [0x00000000ed900000,0x00000000edb7c010,0x00000000edb80000)
  to   space 2560K, 0% used [0x00000000ed680000,0x00000000ed680000,0x00000000ed900000)
 ParOldGen       total 41984K, used 4802K [0x00000000c2400000, 0x00000000c4d00000, 0x00000000eb680000)
  object space 41984K, 11% used [0x00000000c2400000,0x00000000c28b08b0,0x00000000c4d00000)
 PSPermGen       total 21504K, used 12815K [0x00000000b7e00000, 0x00000000b9300000, 0x00000000c2400000)
  object space 21504K, 59% used [0x00000000b7e00000,0x00000000b8a83fa8,0x00000000b9300000)
}
Event: 5.688 GC heap before
{Heap before GC invocations=5 (full 0):
 PSYoungGen      total 35328K, used 35312K [0x00000000eb680000, 0x00000000edb80000, 0x0000000100000000)
  eden space 32768K, 100% used [0x00000000eb680000,0x00000000ed680000,0x00000000ed680000)
  from space 2560K, 99% used [0x00000000ed900000,0x00000000edb7c010,0x00000000edb80000)
  to   space 2560K, 0% used [0x00000000ed680000,0x00000000ed680000,0x00000000ed900000)
 ParOldGen       total 41984K, used 4802K [0x00000000c2400000, 0x00000000c4d00000, 0x00000000eb680000)
  object space 41984K, 11% used [0x00000000c2400000,0x00000000c28b08b0,0x00000000c4d00000)
 PSPermGen       total 21504K, used 17260K [0x00000000b7e00000, 0x00000000b9300000, 0x00000000c2400000)
  object space 21504K, 80% used [0x00000000b7e00000,0x00000000b8edb0b0,0x00000000b9300000)
Event: 5.722 GC heap after
Heap after GC invocations=5 (full 0):
 PSYoungGen      total 35328K, used 2542K [0x00000000eb680000, 0x00000000f0680000, 0x0000000100000000)
  eden space 32768K, 0% used [0x00000000eb680000,0x00000000eb680000,0x00000000ed680000)
  from space 2560K, 99% used [0x00000000ed680000,0x00000000ed8fb868,0x00000000ed900000)
  to   space 8192K, 0% used [0x00000000efe80000,0x00000000efe80000,0x00000000f0680000)
 ParOldGen       total 41984K, used 10410K [0x00000000c2400000, 0x00000000c4d00000, 0x00000000eb680000)
  object space 41984K, 24% used [0x00000000c2400000,0x00000000c2e2a8d0,0x00000000c4d00000)
 PSPermGen       total 21504K, used 17260K [0x00000000b7e00000, 0x00000000b9300000, 0x00000000c2400000)
  object space 21504K, 80% used [0x00000000b7e00000,0x00000000b8edb0b0,0x00000000b9300000)
}
Event: 9.418 GC heap before
{Heap before GC invocations=6 (full 0):
 PSYoungGen      total 35328K, used 35310K [0x00000000eb680000, 0x00000000f0680000, 0x0000000100000000)
  eden space 32768K, 100% used [0x00000000eb680000,0x00000000ed680000,0x00000000ed680000)
  from space 2560K, 99% used [0x00000000ed680000,0x00000000ed8fb868,0x00000000ed900000)
  to   space 8192K, 0% used [0x00000000efe80000,0x00000000efe80000,0x00000000f0680000)
 ParOldGen       total 41984K, used 10410K [0x00000000c2400000, 0x00000000c4d00000, 0x00000000eb680000)
  object space 41984K, 24% used [0x00000000c2400000,0x00000000c2e2a8d0,0x00000000c4d00000)
 PSPermGen       total 21504K, used 20327K [0x00000000b7e00000, 0x00000000b9300000, 0x00000000c2400000)
  object space 21504K, 94% used [0x00000000b7e00000,0x00000000b91d9e98,0x00000000b9300000)
Event: 9.438 GC heap after
Heap after GC invocations=6 (full 0):
 PSYoungGen      total 73216K, used 6144K [0x00000000eb680000, 0x00000000f0780000, 0x0000000100000000)
  eden space 65024K, 0% used [0x00000000eb680000,0x00000000eb680000,0x00000000ef600000)
  from space 8192K, 75% used [0x00000000efe80000,0x00000000f04803a0,0x00000000f0680000)
  to   space 8704K, 0% used [0x00000000ef600000,0x00000000ef600000,0x00000000efe80000)
 ParOldGen       total 41984K, used 10418K [0x00000000c2400000, 0x00000000c4d00000, 0x00000000eb680000)
  object space 41984K, 24% used [0x00000000c2400000,0x00000000c2e2c8d0,0x00000000c4d00000)
 PSPermGen       total 21504K, used 20327K [0x00000000b7e00000, 0x00000000b9300000, 0x00000000c2400000)
  object space 21504K, 94% used [0x00000000b7e00000,0x00000000b91d9e98,0x00000000b9300000)
}
Event: 14.692 GC heap before
{Heap before GC invocations=7 (full 0):
 PSYoungGen      total 73216K, used 71168K [0x00000000eb680000, 0x00000000f0780000, 0x0000000100000000)
  eden space 65024K, 100% used [0x00000000eb680000,0x00000000ef600000,0x00000000ef600000)
  from space 8192K, 75% used [0x00000000efe80000,0x00000000f04803a0,0x00000000f0680000)
  to   space 8704K, 0% used [0x00000000ef600000,0x00000000ef600000,0x00000000efe80000)
 ParOldGen       total 41984K, used 10418K [0x00000000c2400000, 0x00000000c4d00000, 0x00000000eb680000)
  object space 41984K, 24% used [0x00000000c2400000,0x00000000c2e2c8d0,0x00000000c4d00000)
 PSPermGen       total 21504K, used 20460K [0x00000000b7e00000, 0x00000000b9300000, 0x00000000c2400000)
  object space 21504K, 95% used [0x00000000b7e00000,0x00000000b91fb390,0x00000000b9300000)
Event: 14.734 GC heap after
Heap after GC invocations=7 (full 0):
 PSYoungGen      total 73728K, used 7175K [0x00000000eb680000, 0x00000000f4780000, 0x0000000100000000)
  eden space 65024K, 0% used [0x00000000eb680000,0x00000000eb680000,0x00000000ef600000)
  from space 8704K, 82% used [0x00000000ef600000,0x00000000efd01d50,0x00000000efe80000)
  to   space 9216K, 0% used [0x00000000f3e80000,0x00000000f3e80000,0x00000000f4780000)
 ParOldGen       total 41984K, used 10930K [0x00000000c2400000, 0x00000000c4d00000, 0x00000000eb680000)
  object space 41984K, 26% used [0x00000000c2400000,0x00000000c2eac920,0x00000000c4d00000)
 PSPermGen       total 21504K, used 20460K [0x00000000b7e00000, 0x00000000b9300000, 0x00000000c2400000)
  object space 21504K, 95% used [0x00000000b7e00000,0x00000000b91fb390,0x00000000b9300000)
}
Event: 19.159 GC heap before
{Heap before GC invocations=8 (full 0):
 PSYoungGen      total 73728K, used 72199K [0x00000000eb680000, 0x00000000f4780000, 0x0000000100000000)
  eden space 65024K, 100% used [0x00000000eb680000,0x00000000ef600000,0x00000000ef600000)
  from space 8704K, 82% used [0x00000000ef600000,0x00000000efd01d50,0x00000000efe80000)
  to   space 9216K, 0% used [0x00000000f3e80000,0x00000000f3e80000,0x00000000f4780000)
 ParOldGen       total 41984K, used 10930K [0x00000000c2400000, 0x00000000c4d00000, 0x00000000eb680000)
  object space 41984K, 26% used [0x00000000c2400000,0x00000000c2eac920,0x00000000c4d00000)
 PSPermGen       total 21504K, used 20561K [0x00000000b7e00000, 0x00000000b9300000, 0x00000000c2400000)
  object space 21504K, 95% used [0x00000000b7e00000,0x00000000b9214778,0x00000000b9300000)
Event: 19.205 GC heap after
Heap after GC invocations=8 (full 0):
 PSYoungGen      total 137728K, used 9046K [0x00000000eb680000, 0x00000000f4a80000, 0x0000000100000000)
  eden space 128512K, 0% used [0x00000000eb680000,0x00000000eb680000,0x00000000f3400000)
  from space 9216K, 98% used [0x00000000f3e80000,0x00000000f4755b20,0x00000000f4780000)
  to   space 10752K, 0% used [0x00000000f3400000,0x00000000f3400000,0x00000000f3e80000)
 ParOldGen       total 41984K, used 11702K [0x00000000c2400000, 0x00000000c4d00000, 0x00000000eb680000)
  object space 41984K, 27% used [0x00000000c2400000,0x00000000c2f6d930,0x00000000c4d00000)
 PSPermGen       total 21504K, used 20561K [0x00000000b7e00000, 0x00000000b9300000, 0x00000000c2400000)
  object space 21504K, 95% used [0x00000000b7e00000,0x00000000b9214778,0x00000000b9300000)
}
Event: 27.495 GC heap before
{Heap before GC invocations=9 (full 0):
 PSYoungGen      total 137728K, used 137558K [0x00000000eb680000, 0x00000000f4a80000, 0x0000000100000000)
  eden space 128512K, 100% used [0x00000000eb680000,0x00000000f3400000,0x00000000f3400000)
  from space 9216K, 98% used [0x00000000f3e80000,0x00000000f4755b20,0x00000000f4780000)
  to   space 10752K, 0% used [0x00000000f3400000,0x00000000f3400000,0x00000000f3e80000)
 ParOldGen       total 41984K, used 11702K [0x00000000c2400000, 0x00000000c4d00000, 0x00000000eb680000)
  object space 41984K, 27% used [0x00000000c2400000,0x00000000c2f6d930,0x00000000c4d00000)
 PSPermGen       total 21504K, used 20694K [0x00000000b7e00000, 0x00000000b9300000, 0x00000000c2400000)
  object space 21504K, 96% used [0x00000000b7e00000,0x00000000b9235818,0x00000000b9300000)

