# JRE version: OpenJDK Runtime Environment (7.0_95) (build 1.7.0_95-b00)
# Java VM: OpenJDK 64-Bit Server VM (24.95-b01 mixed mode linux-amd64 compressed oops)
Heap
 PSYoungGen      total 72192K, used 7136K [0x00000000eb680000, 0x00000000f0480000, 0x0000000100000000)
  eden space 65024K, 0% used [0x00000000eb680000,0x00000000eb680000,0x00000000ef600000)
  from space 7168K, 99% used [0x00000000ef600000,0x00000000efcf8020,0x00000000efd00000)
  to   space 6656K, 0% used [0x00000000efd00000,0x00000000efd00000,0x00000000f0380000)
 ParOldGen       total 41984K, used 12370K [0x00000000c2400000, 0x00000000c4d00000, 0x00000000eb680000)
  object space 41984K, 29% used [0x00000000c2400000,0x00000000c3014918,0x00000000c4d00000)
 PSPermGen       total 21504K, used 15284K [0x00000000b7e00000, 0x00000000b9300000, 0x00000000c2400000)
  object space 21504K, 71% used [0x00000000b7e00000,0x00000000b8ced078,0x00000000b9300000)
GC Heap History (10 events):
Event: 3.457 GC heap after
Heap after GC invocations=4 (full 0):
 PSYoungGen      total 18944K, used 2544K [0x00000000eb680000, 0x00000000edb80000, 0x0000000100000000)
  eden space 16384K, 0% used [0x00000000eb680000,0x00000000eb680000,0x00000000ec680000)
  from space 2560K, 99% used [0x00000000ec900000,0x00000000ecb7c010,0x00000000ecb80000)
  to   space 2560K, 0% used [0x00000000ec680000,0x00000000ec680000,0x00000000ec900000)
 ParOldGen       total 41984K, used 4726K [0x00000000c2400000, 0x00000000c4d00000, 0x00000000eb680000)
  object space 41984K, 11% used [0x00000000c2400000,0x00000000c289da28,0x00000000c4d00000)
 PSPermGen       total 21504K, used 12742K [0x00000000b7e00000, 0x00000000b9300000, 0x00000000c2400000)
  object space 21504K, 59% used [0x00000000b7e00000,0x00000000b8a71a58,0x00000000b9300000)
}
Event: 4.553 GC heap before
{Heap before GC invocations=5 (full 0):
 PSYoungGen      total 18944K, used 18928K [0x00000000eb680000, 0x00000000edb80000, 0x0000000100000000)
  eden space 16384K, 100% used [0x00000000eb680000,0x00000000ec680000,0x00000000ec680000)
  from space 2560K, 99% used [0x00000000ec900000,0x00000000ecb7c010,0x00000000ecb80000)
  to   space 2560K, 0% used [0x00000000ec680000,0x00000000ec680000,0x00000000ec900000)
 ParOldGen       total 41984K, used 4726K [0x00000000c2400000, 0x00000000c4d00000, 0x00000000eb680000)
  object space 41984K, 11% used [0x00000000c2400000,0x00000000c289da28,0x00000000c4d00000)
 PSPermGen       total 21504K, used 14952K [0x00000000b7e00000, 0x00000000b9300000, 0x00000000c2400000)
  object space 21504K, 69% used [0x00000000b7e00000,0x00000000b8c9a1e0,0x00000000b9300000)
Event: 4.572 GC heap after
Heap after GC invocations=5 (full 0):
 PSYoungGen      total 18944K, used 2560K [0x00000000eb680000, 0x00000000ee280000, 0x0000000100000000)
  eden space 16384K, 0% used [0x00000000eb680000,0x00000000eb680000,0x00000000ec680000)
  from space 2560K, 100% used [0x00000000ec680000,0x00000000ec900000,0x00000000ec900000)
  to   space 6144K, 0% used [0x00000000edc80000,0x00000000edc80000,0x00000000ee280000)
 ParOldGen       total 41984K, used 7364K [0x00000000c2400000, 0x00000000c4d00000, 0x00000000eb680000)
  object space 41984K, 17% used [0x00000000c2400000,0x00000000c2b310a8,0x00000000c4d00000)
 PSPermGen       total 21504K, used 14952K [0x00000000b7e00000, 0x00000000b9300000, 0x00000000c2400000)
  object space 21504K, 69% used [0x00000000b7e00000,0x00000000b8c9a1e0,0x00000000b9300000)
}
Event: 5.536 GC heap before
{Heap before GC invocations=6 (full 0):
 PSYoungGen      total 18944K, used 18944K [0x00000000eb680000, 0x00000000ee280000, 0x0000000100000000)
  eden space 16384K, 100% used [0x00000000eb680000,0x00000000ec680000,0x00000000ec680000)
  from space 2560K, 100% used [0x00000000ec680000,0x00000000ec900000,0x00000000ec900000)
  to   space 6144K, 0% used [0x00000000edc80000,0x00000000edc80000,0x00000000ee280000)
 ParOldGen       total 41984K, used 7364K [0x00000000c2400000, 0x00000000c4d00000, 0x00000000eb680000)
  object space 41984K, 17% used [0x00000000c2400000,0x00000000c2b310a8,0x00000000c4d00000)
 PSPermGen       total 21504K, used 15095K [0x00000000b7e00000, 0x00000000b9300000, 0x00000000c2400000)
  object space 21504K, 70% used [0x00000000b7e00000,0x00000000b8cbdd88,0x00000000b9300000)
Event: 5.557 GC heap after
Heap after GC invocations=6 (full 0):
 PSYoungGen      total 38912K, used 4387K [0x00000000eb680000, 0x00000000ee280000, 0x0000000100000000)
  eden space 32768K, 0% used [0x00000000eb680000,0x00000000eb680000,0x00000000ed680000)
  from space 6144K, 71% used [0x00000000edc80000,0x00000000ee0c8da8,0x00000000ee280000)
  to   space 6144K, 0% used [0x00000000ed680000,0x00000000ed680000,0x00000000edc80000)
 ParOldGen       total 41984K, used 7364K [0x00000000c2400000, 0x00000000c4d00000, 0x00000000eb680000)
  object space 41984K, 17% used [0x00000000c2400000,0x00000000c2b310a8,0x00000000c4d00000)
 PSPermGen       total 21504K, used 15095K [0x00000000b7e00000, 0x00000000b9300000, 0x00000000c2400000)
  object space 21504K, 70% used [0x00000000b7e00000,0x00000000b8cbdd88,0x00000000b9300000)
}
Event: 6.784 GC heap before
{Heap before GC invocations=7 (full 0):
 PSYoungGen      total 38912K, used 37155K [0x00000000eb680000, 0x00000000ee280000, 0x0000000100000000)
  eden space 32768K, 100% used [0x00000000eb680000,0x00000000ed680000,0x00000000ed680000)
  from space 6144K, 71% used [0x00000000edc80000,0x00000000ee0c8da8,0x00000000ee280000)
  to   space 6144K, 0% used [0x00000000ed680000,0x00000000ed680000,0x00000000edc80000)
 ParOldGen       total 41984K, used 7364K [0x00000000c2400000, 0x00000000c4d00000, 0x00000000eb680000)
  object space 41984K, 17% used [0x00000000c2400000,0x00000000c2b310a8,0x00000000c4d00000)
 PSPermGen       total 21504K, used 15184K [0x00000000b7e00000, 0x00000000b9300000, 0x00000000c2400000)
  object space 21504K, 70% used [0x00000000b7e00000,0x00000000b8cd43b0,0x00000000b9300000)
Event: 6.803 GC heap after
Heap after GC invocations=7 (full 0):
 PSYoungGen      total 38912K, used 5504K [0x00000000eb680000, 0x00000000f0380000, 0x0000000100000000)
  eden space 32768K, 0% used [0x00000000eb680000,0x00000000eb680000,0x00000000ed680000)
  from space 6144K, 89% used [0x00000000ed680000,0x00000000edbe0000,0x00000000edc80000)
  to   space 6656K, 0% used [0x00000000efd00000,0x00000000efd00000,0x00000000f0380000)
 ParOldGen       total 41984K, used 7932K [0x00000000c2400000, 0x00000000c4d00000, 0x00000000eb680000)
  object space 41984K, 18% used [0x00000000c2400000,0x00000000c2bbf0f8,0x00000000c4d00000)
 PSPermGen       total 21504K, used 15184K [0x00000000b7e00000, 0x00000000b9300000, 0x00000000c2400000)
  object space 21504K, 70% used [0x00000000b7e00000,0x00000000b8cd43b0,0x00000000b9300000)
}
Event: 8.011 GC heap before
{Heap before GC invocations=8 (full 0):
 PSYoungGen      total 38912K, used 38272K [0x00000000eb680000, 0x00000000f0380000, 0x0000000100000000)
  eden space 32768K, 100% used [0x00000000eb680000,0x00000000ed680000,0x00000000ed680000)
  from space 6144K, 89% used [0x00000000ed680000,0x00000000edbe0000,0x00000000edc80000)
  to   space 6656K, 0% used [0x00000000efd00000,0x00000000efd00000,0x00000000f0380000)
 ParOldGen       total 41984K, used 7932K [0x00000000c2400000, 0x00000000c4d00000, 0x00000000eb680000)
  object space 41984K, 18% used [0x00000000c2400000,0x00000000c2bbf0f8,0x00000000c4d00000)
 PSPermGen       total 21504K, used 15230K [0x00000000b7e00000, 0x00000000b9300000, 0x00000000c2400000)
  object space 21504K, 70% used [0x00000000b7e00000,0x00000000b8cdfaf8,0x00000000b9300000)
Event: 8.048 GC heap after
Heap after GC invocations=8 (full 0):
 PSYoungGen      total 71680K, used 6496K [0x00000000eb680000, 0x00000000f0480000, 0x0000000100000000)
  eden space 65024K, 0% used [0x00000000eb680000,0x00000000eb680000,0x00000000ef600000)
  from space 6656K, 97% used [0x00000000efd00000,0x00000000f0358000,0x00000000f0380000)
  to   space 7168K, 0% used [0x00000000ef600000,0x00000000ef600000,0x00000000efd00000)
 ParOldGen       total 41984K, used 9098K [0x00000000c2400000, 0x00000000c4d00000, 0x00000000eb680000)
  object space 41984K, 21% used [0x00000000c2400000,0x00000000c2ce2918,0x00000000c4d00000)
 PSPermGen       total 21504K, used 15230K [0x00000000b7e00000, 0x00000000b9300000, 0x00000000c2400000)
  object space 21504K, 70% used [0x00000000b7e00000,0x00000000b8cdfaf8,0x00000000b9300000)
}
Event: 9.884 GC heap before
{Heap before GC invocations=9 (full 0):
 PSYoungGen      total 71680K, used 71520K [0x00000000eb680000, 0x00000000f0480000, 0x0000000100000000)
  eden space 65024K, 100% used [0x00000000eb680000,0x00000000ef600000,0x00000000ef600000)
  from space 6656K, 97% used [0x00000000efd00000,0x00000000f0358000,0x00000000f0380000)
  to   space 7168K, 0% used [0x00000000ef600000,0x00000000ef600000,0x00000000efd00000)
 ParOldGen       total 41984K, used 9098K [0x00000000c2400000, 0x00000000c4d00000, 0x00000000eb680000)
  object space 41984K, 21% used [0x00000000c2400000,0x00000000c2ce2918,0x00000000c4d00000)
 PSPermGen       total 21504K, used 15284K [0x00000000b7e00000, 0x00000000b9300000, 0x00000000c2400000)
  object space 21504K, 71% used [0x00000000b7e00000,0x00000000b8ced078,0x00000000b9300000)

