<?xml version="1.0" encoding="UTF-8" ?>
<testsuite tests="1" failures="0" name="AppTest" time="31.369" errors="1" skipped="0">
  <properties>
[...]
</properties>
  <testcase classname="AppTest" name="testConvert_IRES" time="31.369">
    <error message="Server returned HTTP response code: 500 for URL: http://localhost:1323/abstractWorkflows/materialize/TPCH_100m_Hive_Postgres_Workflow?policy=metrics%2Ccost%2CexecTime%0AgroupInputs%2CexecTime%2Cmax%0AgroupInputs%2Ccost%2Csum%0Afunction%2CexecTime%2Cmin" type="java.io.IOException">java.io.IOException: Server returned HTTP response code: 500 for URL: http://localhost:1323/abstractWorkflows/materialize/TPCH_100m_Hive_Postgres_Workflow?policy=metrics%2Ccost%2CexecTime%0AgroupInputs%2CexecTime%2Cmax%0AgroupInputs%2Ccost%2Csum%0Afunction%2CexecTime%2Cmin
	at sun.reflect.NativeConstructorAccessorImpl.newInstance0(Native Method)
	at sun.reflect.NativeConstructorAccessorImpl.newInstance(NativeConstructorAccessorImpl.java:62)
	at sun.reflect.DelegatingConstructorAccessorImpl.newInstance(DelegatingConstructorAccessorImpl.java:45)
	at java.lang.reflect.Constructor.newInstance(Constructor.java:423)
	at sun.net.www.protocol.http.HttpURLConnection$10.run(HttpURLConnection.java:1926)
	at sun.net.www.protocol.http.HttpURLConnection$10.run(HttpURLConnection.java:1921)
	at java.security.AccessController.doPrivileged(Native Method)
	at sun.net.www.protocol.http.HttpURLConnection.getChainedException(HttpURLConnection.java:1920)
	at sun.net.www.protocol.http.HttpURLConnection.getInputStream0(HttpURLConnection.java:1490)
	at sun.net.www.protocol.http.HttpURLConnection.getInputStream(HttpURLConnection.java:1474)
	at gr.ntua.cslab.asap.client.RestClient.issueRequest(RestClient.java:90)
	at gr.ntua.cslab.asap.client.WorkflowClient.materializeWorkflow(WorkflowClient.java:65)
	at IRES.runWorkFlowIRES.runWorkflow(runWorkFlowIRES.java:83)
	at Algorithms.Algorithms.mainIRES(Algorithms.java:622)
	at IRES.TPCHQuery.TPCH(TPCHQuery.java:308)
	at AppTest.testConvert_IRES(AppTest.java:163)
	at sun.reflect.NativeMethodAccessorImpl.invoke0(Native Method)
	at sun.reflect.NativeMethodAccessorImpl.invoke(NativeMethodAccessorImpl.java:62)
	at sun.reflect.DelegatingMethodAccessorImpl.invoke(DelegatingMethodAccessorImpl.java:43)
	at java.lang.reflect.Method.invoke(Method.java:498)
	at org.junit.runners.model.FrameworkMethod$1.runReflectiveCall(FrameworkMethod.java:45)
	at org.junit.internal.runners.model.ReflectiveCallable.run(ReflectiveCallable.java:15)
	at org.junit.runners.model.FrameworkMethod.invokeExplosively(FrameworkMethod.java:42)
	at org.junit.internal.runners.statements.InvokeMethod.evaluate(InvokeMethod.java:20)
	at org.junit.runners.ParentRunner.runLeaf(ParentRunner.java:263)
	at org.junit.runners.BlockJUnit4ClassRunner.runChild(BlockJUnit4ClassRunner.java:68)
	at org.junit.runners.BlockJUnit4ClassRunner.runChild(BlockJUnit4ClassRunner.java:47)
	at org.junit.runners.ParentRunner$3.run(ParentRunner.java:231)
	at org.junit.runners.ParentRunner$1.schedule(ParentRunner.java:60)
	at org.junit.runners.ParentRunner.runChildren(ParentRunner.java:229)
	at org.junit.runners.ParentRunner.access$000(ParentRunner.java:50)
	at org.junit.runners.ParentRunner$2.evaluate(ParentRunner.java:222)
	at org.junit.internal.runners.statements.RunBefores.evaluate(RunBefores.java:28)
	at org.junit.internal.runners.statements.RunAfters.evaluate(RunAfters.java:30)
	at org.junit.runners.ParentRunner.run(ParentRunner.java:300)
	at org.apache.maven.surefire.junit4.JUnit4Provider.execute(JUnit4Provider.java:252)
	at org.apache.maven.surefire.junit4.JUnit4Provider.executeTestSet(JUnit4Provider.java:141)
	at org.apache.maven.surefire.junit4.JUnit4Provider.invoke(JUnit4Provider.java:112)
	at sun.reflect.NativeMethodAccessorImpl.invoke0(Native Method)
	at sun.reflect.NativeMethodAccessorImpl.invoke(NativeMethodAccessorImpl.java:62)
	at sun.reflect.DelegatingMethodAccessorImpl.invoke(DelegatingMethodAccessorImpl.java:43)
	at java.lang.reflect.Method.invoke(Method.java:498)
	at org.apache.maven.surefire.util.ReflectionUtils.invokeMethodWithArray(ReflectionUtils.java:189)
	at org.apache.maven.surefire.booter.ProviderFactory$ProviderProxy.invoke(ProviderFactory.java:165)
	at org.apache.maven.surefire.booter.ProviderFactory.invokeProvider(ProviderFactory.java:85)
	at org.apache.maven.surefire.booter.ForkedBooter.runSuitesInProcess(ForkedBooter.java:115)
	at org.apache.maven.surefire.booter.ForkedBooter.main(ForkedBooter.java:75)
Caused by: java.io.IOException: Server returned HTTP response code: 500 for URL: http://localhost:1323/abstractWorkflows/materialize/TPCH_100m_Hive_Postgres_Workflow?policy=metrics%2Ccost%2CexecTime%0AgroupInputs%2CexecTime%2Cmax%0AgroupInputs%2Ccost%2Csum%0Afunction%2CexecTime%2Cmin
	at sun.net.www.protocol.http.HttpURLConnection.getInputStream0(HttpURLConnection.java:1876)
	at sun.net.www.protocol.http.HttpURLConnection.getInputStream(HttpURLConnection.java:1474)
	at java.net.HttpURLConnection.getResponseCode(HttpURLConnection.java:480)
	at gr.ntua.cslab.asap.client.RestClient.issueRequest(RestClient.java:86)
	... 36 more
</error>
    <system-out>ASAP_HOME=/home/le/IReS-Platform

 Hello from Java

 Goodbye

/home/le/SQL/query12----SQL:---DROP TABLE IF EXISTS QUERY12_HIVE_POSTGRES; CREATE TABLE QUERY12_HIVE_POSTGRES AS  SELECT * FROM  ORDERS,LINEITEM WHERE  L_ORDERKEY = O_ORDERKEY

The dataset is orders and the query is query12

The Schema is (O_ORDERKEY       INT,O_CUSTKEY        INT,O_ORDERSTATUS    CHAR(1),O_TOTALPRICE     DECIMAL(15,2),O_ORDERDATE      DATE ,O_ORDERPRIORITY  CHAR(15),O_CLERK          CHAR(15),O_SHIPPRIORITY   INT,O_COMMENT        VARCHAR(79) )
http://localhost:1323/abstractOperators/add?opname=Abstract_TPCH_100m_Hive_Postgres&amp;opString=Constraints.Engine+%3D+Postgres%0AConstraints.Input.number+%3D+1%0AConstraints.OpSpecification.Algorithm.name+%3D+move%0AConstraints.Output.number+%3D+1%0A
&lt;?xml version=&quot;1.0&quot; encoding=&quot;UTF-8&quot; standalone=&quot;yes&quot;?&gt;
&lt;workflow&gt;
    &lt;operators&gt;
        &lt;name&gt;ordersTPCH_100m&lt;/name&gt;
        &lt;cost&gt;0.00&lt;/cost&gt;
        &lt;execTime&gt;0.00&lt;/execTime&gt;
        &lt;status&gt;stopped&lt;/status&gt;
        &lt;isOperator&gt;false&lt;/isOperator&gt;
        &lt;isAbstract&gt;false&lt;/isAbstract&gt;
        &lt;description&gt;&lt;/description&gt;
        &lt;abstractName&gt;ordersTPCH_100m&lt;/abstractName&gt;
        &lt;isTarget&gt;false&lt;/isTarget&gt;
        &lt;output&gt;Abstract_TPCH_100m_Hive_Postgres&lt;/output&gt;
    &lt;/operators&gt;
    &lt;operators&gt;
        &lt;name&gt;Abstract_TPCH_100m_Hive_Postgres&lt;/name&gt;
        &lt;cost&gt;0.00&lt;/cost&gt;
        &lt;execTime&gt;0.00&lt;/execTime&gt;
        &lt;status&gt;stopped&lt;/status&gt;
        &lt;isOperator&gt;true&lt;/isOperator&gt;
        &lt;isAbstract&gt;true&lt;/isAbstract&gt;
        &lt;description&gt;&lt;/description&gt;
        &lt;abstractName&gt;Abstract_TPCH_100m_Hive_Postgres&lt;/abstractName&gt;
        &lt;isTarget&gt;false&lt;/isTarget&gt;
        &lt;input&gt;ordersTPCH_100m&lt;/input&gt;
        &lt;output&gt;ORDERS_OUT&lt;/output&gt;
    &lt;/operators&gt;
    &lt;operators&gt;
        &lt;name&gt;ORDERS_OUT&lt;/name&gt;
        &lt;cost&gt;0.00&lt;/cost&gt;
        &lt;execTime&gt;0.00&lt;/execTime&gt;
        &lt;status&gt;stopped&lt;/status&gt;
        &lt;isOperator&gt;false&lt;/isOperator&gt;
        &lt;isAbstract&gt;true&lt;/isAbstract&gt;
        &lt;description&gt;&lt;/description&gt;
        &lt;abstractName&gt;ORDERS_OUT&lt;/abstractName&gt;
        &lt;isTarget&gt;true&lt;/isTarget&gt;
        &lt;input&gt;Abstract_TPCH_100m_Hive_Postgres&lt;/input&gt;
    &lt;/operators&gt;
    &lt;name&gt;&lt;/name&gt;
&lt;/workflow&gt;

TPCH_100m_Hive_Postgres_Workflow
http://localhost:1323/abstractWorkflows/add/TPCH_100m_Hive_Postgres_Workflow
check matches for: Abstract_TPCH_100m_Hive_Postgres
check input: ordersTPCH_100m
HBase_HashJoin
Temp Input t0: {Constraints{DataInfo{Attributes{Atr1{(type, ByteWritable)}, Atr2{(type, List&lt;ByteWritable&gt;)}, (number, 2)}}, Engine{DB{NoSQL{HBase{(key, Atr1), (location, 127.0.0.1), (value, Atr2)}}}}}}
Java_SortMergeJoin
Temp Input t1: {Constraints{DataInfo{Attributes{Atr1{(type, ByteWritable)}, Atr2{(type, List&lt;ByteWritable&gt;)}, (number, 2)}}, Engine{DB{NoSQL{HBase{(key, Atr1), (location, 127.0.0.1), (value, Atr2)}}}}}}
Sort
Temp Input t2: {Constraints{DataInfo{Attributes{Atr1{(type, ByteWritable)}, Atr2{(type, List&lt;ByteWritable&gt;)}, (number, 2)}}, Engine{DB{NoSQL{HBase{(key, Atr1), (location, 127.0.0.1), (value, Atr2)}}}}}}
Sort2
Temp Input t3: {Constraints{DataInfo{Attributes{Atr1{(type, ByteWritable)}, Atr2{(type, List&lt;ByteWritable&gt;)}, (number, 2)}}, Engine{DB{NoSQL{HBase{(key, Atr1), (location, 127.0.0.1), (value, Atr2)}}}}}}
Move_MySQL_HBase
Temp Input t4: {Constraints{DataInfo{Attributes{Atr1{(type, Varchar)}, Atr2{(type, Varchar)}, (number, 2)}}, Engine{DB{Relational{MySQL{(location, 127.0.0.1), (schema, ...)}}}}}}

Max Of Line is:31

R^2_2 Value: 0.5516310608758785

R^2_2 Value: 0.8393291250554639

R^2_2 Repair: 0.8660897604831831

R^2 Value with Parameter[11]:0.8660897604831831

R^2 Value: 0.5516310608758785

R^2_2 Value: 0.8393291250554639

R^2 Value Limit: 0.8

Size of real Value: 26

Estimate the maximum of Matrix:------------------------------------------------------------------------ 

Real Running:--------------------------------------------------------
orders
LibraryIres.YarnValue@3967e60c

Matrix Real Value
70.80 11259.00 600572.00 2610.00 150000.00 6.45 
16.10 2610.00 150000.00 11259.00 600572.00 14.94 
70.80 11259.00 600572.00 2610.00 150000.00 22.24 
70.80 11259.00 600572.00 410.00 20000.00 0.97 
70.80 11259.00 600572.00 2610.00 150000.00 0.51 
2.30 360.00 15000.00 2610.00 150000.00 0.48 
70.80 11259.00 600572.00 2610.00 150000.00 0.33 
70.80 11259.00 600572.00 410.00 20000.00 0.46 
70.80 11259.00 600572.00 2610.00 150000.00 0.85 
2.30 410.00 20000.00 11259.00 600572.00 0.87 
70.80 11259.00 600572.00 410.00 20000.00 0.55 
2.30 410.00 20000.00 11259.00 600572.00 0.12 
70.80 11259.00 600572.00 2610.00 150000.00 0.57 
2.30 360.00 15000.00 2610.00 150000.00 0.79 
70.80 11259.00 600572.00 2610.00 150000.00 0.04 
70.80 11259.00 600572.00 410.00 20000.00 0.06 
2.30 360.00 15000.00 2610.00 150000.00 0.69 
70.80 11259.00 600572.00 410.00 20000.00 0.60 
70.80 11259.00 600572.00 410.00 20000.00 0.07 
70.80 11259.00 600572.00 2610.00 150000.00 0.83 
2.30 360.00 15000.00 2610.00 150000.00 0.41 
2.30 410.00 20000.00 11259.00 600572.00 0.22 
2.30 410.00 20000.00 11259.00 600572.00 0.38 
2.30 360.00 15000.00 2610.00 150000.00 0.16 
2.30 410.00 20000.00 11259.00 600572.00 0.15 
16.10 2610.00 150000.00 11259.00 600572.00 0.16 

Matrix Real Cost Fucntion
311.63 254.53 261.03 39.92 30.76 33.81 30.84 30.89 30.70 32.21 39.24 31.88 35.26 37.27 31.83 28.74 28.71 30.24 31.72 29.65 36.80 27.69 24.64 29.14 26.61 31.66 
Matrix A
1.00 70.80 11259.00 600572.00 2610.00 150000.00 6.45 
1.00 16.10 2610.00 150000.00 11259.00 600572.00 14.94 
1.00 70.80 11259.00 600572.00 2610.00 150000.00 22.24 
1.00 70.80 11259.00 600572.00 410.00 20000.00 0.97 
1.00 70.80 11259.00 600572.00 2610.00 150000.00 0.51 
1.00 2.30 360.00 15000.00 2610.00 150000.00 0.48 
1.00 70.80 11259.00 600572.00 2610.00 150000.00 0.33 
1.00 70.80 11259.00 600572.00 410.00 20000.00 0.46 
1.00 70.80 11259.00 600572.00 2610.00 150000.00 0.85 
1.00 2.30 410.00 20000.00 11259.00 600572.00 0.87 
1.00 70.80 11259.00 600572.00 410.00 20000.00 0.55 
1.00 2.30 410.00 20000.00 11259.00 600572.00 0.12 
1.00 70.80 11259.00 600572.00 2610.00 150000.00 0.57 
1.00 2.30 360.00 15000.00 2610.00 150000.00 0.79 
1.00 70.80 11259.00 600572.00 2610.00 150000.00 0.04 
1.00 70.80 11259.00 600572.00 410.00 20000.00 0.06 
1.00 2.30 360.00 15000.00 2610.00 150000.00 0.69 
1.00 70.80 11259.00 600572.00 410.00 20000.00 0.60 
1.00 70.80 11259.00 600572.00 410.00 20000.00 0.07 
1.00 70.80 11259.00 600572.00 2610.00 150000.00 0.83 
1.00 2.30 360.00 15000.00 2610.00 150000.00 0.41 
1.00 2.30 410.00 20000.00 11259.00 600572.00 0.22 
1.00 2.30 410.00 20000.00 11259.00 600572.00 0.38 
1.00 2.30 360.00 15000.00 2610.00 150000.00 0.16 
1.00 2.30 410.00 20000.00 11259.00 600572.00 0.15 
1.00 16.10 2610.00 150000.00 11259.00 600572.00 0.16 

The Old Paramater
17.84 8.64 -0.15 0.00 -0.06 0.00 12.53 
Matrix new B
17.84 8.64 -0.15 0.00 -0.06 0.00 12.53 
The newest Parameter is:[17.84, 8.64, -0.15, 0.0, -0.06, 0.0, 12.53] and Error with R^2_2: 0.84 is 71853.46

c=b[0]+b[1]*x[0]+b[2]*x[1]+b[3]*x[2]+b[4]*x[3]+b[5]*x[4]+b[6]*x[5]+epsilon=17.84+8.64*16.1+-0.15*2610.0+0.0*150000.0+-0.06*11259.0+0.0*600572.0+12.53*0.32=43.82
16.10 2610.00 150000.00 11259.00 600572.00 0.32 17.84 8.64 -0.15 0.00 -0.06 0.00 12.53 http://localhost:1323/operators/add?opname=TPCH_100m_Hive_Postgres&amp;opString=Constraints.Engine+%3D+Postgres%0AConstraints.EngineSpecification.Distributed.Spark.masterLocation+%3D+slave%0AConstraints.Input.number+%3D+1%0AConstraints.Input0.Engine.SQL+%3D+HiveTPCH_100m%0AConstraints.Input0.Engine.location+%3D+slave%0AConstraints.Input0.type+%3D+SQL%0AConstraints.OpSpecification.Algorithm.name+%3D+move%0AConstraints.Output.number+%3D+1%0AConstraints.Output0.Engine.SQL+%3D+PostgresTPCH_100m%0AConstraints.Output0.Engine.location+%3D+slave%0AConstraints.Output0.type+%3D+SQL%0AExecution.Argument0+%3D+tpch100m%0AExecution.Argument1+%3D+In0.name%0AExecution.Argument2+%3D+In0.schema%0AExecution.Arguments.number+%3D+3%0AExecution.LuaScript+%3D+TPCH_100m_Hive_Postgres.lua%0AExecution.Output0.name+%3D+In0.name%0AExecution.Output0.schema+%3D+In0.schema%0AOptimization.Out0.size+%3D+In0.size%0AOptimization.cost+%3D+1.0%0AOptimization.execTime+%3D+1.0%0AOptimization.inputSource.db+%3D+metrics%0AOptimization.inputSource.host+%3D+slave%0AOptimization.inputSource.type+%3D+csv%0AOptimization.inputSpace.In0.page+%3D+Double%2C1E8%2C1E10%2Cl%0AOptimization.inputSpace.In0.random+%3D+Double%2C1E8%2C1E10%2Cl%0AOptimization.inputSpace.In0.size+%3D+Double%2C1E8%2C1E10%2Cl%0AOptimization.inputSpace.In0.tuple+%3D+Double%2C1E8%2C1E10%2Cl%0AOptimization.inputSpace.In1.page+%3D+Double%2C1E8%2C1E10%2Cl%0AOptimization.inputSpace.In1.tuple+%3D+Double%2C1E8%2C1E10%2Cl%0AOptimization.model.Out0.size+%3D+gr.ntua.ece.cslab.panic.core.models.UserFunction%0AOptimization.model.cost+%3D+gr.ntua.ece.cslab.panic.core.models.AbstractWekaModel%0AOptimization.model.execTime+%3D+gr.ntua.ece.cslab.panic.core.models.AbstractWekaModel%0AOptimization.outputSpace.Out0.size+%3D+Double%0AOptimization.outputSpace.cost+%3D+Double%0AOptimization.outputSpace.execTime+%3D+Double%0A

/home/le/IReS-Platform/asap-platform/asap-server/target/asapLibrary/operators/TPCH_100m_Hive_Postgres/DROP TABLE IF EXISTS QUERY12_HIVE_POSTGRES; CREATE TABLE QUERY12_HIVE_POSTGRES AS  SELECT * FROM  ORDERS,LINEITEM WHERE  L_ORDERKEY = O_ORDERKEY
http://localhost:1323/abstractWorkflows/materialize/TPCH_100m_Hive_Postgres_Workflow?policy=metrics%2Ccost%2CexecTime%0AgroupInputs%2CexecTime%2Cmax%0AgroupInputs%2Ccost%2Csum%0Afunction%2CexecTime%2Cmin
</system-out>
    <system-err>SLF4J: Class path contains multiple SLF4J bindings.
SLF4J: Found binding in [jar:file:/home/le/.m2/repository/org/slf4j/slf4j-log4j12/1.7.22/slf4j-log4j12-1.7.22.jar!/org/slf4j/impl/StaticLoggerBinder.class]
SLF4J: Found binding in [jar:file:/home/le/.m2/repository/org/apache/logging/log4j/log4j-slf4j-impl/2.6.2/log4j-slf4j-impl-2.6.2.jar!/org/slf4j/impl/StaticLoggerBinder.class]
SLF4J: See http://www.slf4j.org/codes.html#multiple_bindings for an explanation.
SLF4J: Actual binding is of type [org.slf4j.impl.Log4jLoggerFactory]
Oct 16, 2017 8:21:54 PM gr.ntua.cslab.asap.client.RestClient issueRequest
INFO: Response code of request is 200
Oct 16, 2017 8:21:55 PM gr.ntua.cslab.asap.client.RestClient issueRequest
INFO: Response code of request is 204
Oct 16, 2017 8:22:25 PM gr.ntua.cslab.asap.client.RestClient issueRequest
INFO: Response code of request is 200
Oct 16, 2017 8:22:25 PM gr.ntua.cslab.asap.client.RestClient issueRequest
INFO: Response code of request is 500
</system-err>
  </testcase>
</testsuite>