<?xml version="1.0" encoding="UTF-8" ?>
<testsuite tests="1" failures="0" name="AppTest" time="10.231" errors="1" skipped="0">
  <properties>
[...]
</properties>
  <testcase classname="AppTest" name="testConvert_IRES" time="7.994">
    <error type="java.lang.NullPointerException">java.lang.NullPointerException
	at java.io.StreamTokenizer.&lt;init&gt;(StreamTokenizer.java:248)
	at weka.core.converters.CSVLoader.getStructure(CSVLoader.java:517)
	at weka.core.converters.CSVLoader.getDataSet(CSVLoader.java:552)
	at Algorithms.LinearRegressionManual.main_test(LinearRegressionManual.java:60)
	at AppTest.testConvert_IRES(AppTest.java:139)
	at sun.reflect.NativeMethodAccessorImpl.invoke0(Native Method)
	at sun.reflect.NativeMethodAccessorImpl.invoke(NativeMethodAccessorImpl.java:62)
	at sun.reflect.DelegatingMethodAccessorImpl.invoke(DelegatingMethodAccessorImpl.java:43)
	at java.lang.reflect.Method.invoke(Method.java:498)
	at org.junit.runners.model.FrameworkMethod$1.runReflectiveCall(FrameworkMethod.java:50)
	at org.junit.internal.runners.model.ReflectiveCallable.run(ReflectiveCallable.java:12)
	at org.junit.runners.model.FrameworkMethod.invokeExplosively(FrameworkMethod.java:47)
	at org.junit.internal.runners.statements.InvokeMethod.evaluate(InvokeMethod.java:17)
	at org.junit.runners.ParentRunner.runLeaf(ParentRunner.java:325)
	at org.junit.runners.BlockJUnit4ClassRunner.runChild(BlockJUnit4ClassRunner.java:78)
	at org.junit.runners.BlockJUnit4ClassRunner.runChild(BlockJUnit4ClassRunner.java:57)
	at org.junit.runners.ParentRunner$3.run(ParentRunner.java:290)
	at org.junit.runners.ParentRunner$1.schedule(ParentRunner.java:71)
	at org.junit.runners.ParentRunner.runChildren(ParentRunner.java:288)
	at org.junit.runners.ParentRunner.access$000(ParentRunner.java:58)
	at org.junit.runners.ParentRunner$2.evaluate(ParentRunner.java:268)
	at org.junit.internal.runners.statements.RunBefores.evaluate(RunBefores.java:26)
	at org.junit.internal.runners.statements.RunAfters.evaluate(RunAfters.java:27)
	at org.junit.runners.ParentRunner.run(ParentRunner.java:363)
	at org.apache.maven.surefire.junit4.JUnit4TestSet.execute(JUnit4TestSet.java:53)
	at org.apache.maven.surefire.junit4.JUnit4Provider.executeTestSet(JUnit4Provider.java:123)
	at org.apache.maven.surefire.junit4.JUnit4Provider.invoke(JUnit4Provider.java:104)
	at sun.reflect.NativeMethodAccessorImpl.invoke0(Native Method)
	at sun.reflect.NativeMethodAccessorImpl.invoke(NativeMethodAccessorImpl.java:62)
	at sun.reflect.DelegatingMethodAccessorImpl.invoke(DelegatingMethodAccessorImpl.java:43)
	at java.lang.reflect.Method.invoke(Method.java:498)
	at org.apache.maven.surefire.util.ReflectionUtils.invokeMethodWithArray(ReflectionUtils.java:164)
	at org.apache.maven.surefire.booter.ProviderFactory$ProviderProxy.invoke(ProviderFactory.java:110)
	at org.apache.maven.surefire.booter.SurefireStarter.invokeProvider(SurefireStarter.java:175)
	at org.apache.maven.surefire.booter.SurefireStarter.runSuitesInProcessWhenForked(SurefireStarter.java:107)
	at org.apache.maven.surefire.booter.ForkedBooter.main(ForkedBooter.java:68)
</error>
    <system-out>ASAP_HOME=/usr/local/share/ires
@relation test

@attribute Name {&apos;Lebron James&apos;}
@attribute points numeric
@attribute rebounds numeric
@attribute steals numeric
@attribute assists numeric

@data
&apos;Lebron James&apos;,17,10,1,7
&apos;Lebron James&apos;,29,5,2,8
&apos;Lebron James&apos;,30,4,0,8
&apos;Lebron James&apos;,24,4,1,3
&apos;Lebron James&apos;,25,1,0,11
&apos;Lebron James&apos;,22,4,2,9
&apos;Lebron James&apos;,21,3,2,2
&apos;Lebron James&apos;,27,7,1,14
&apos;Lebron James&apos;,41,5,0,5
&apos;Lebron James&apos;,35,2,2,2
&apos;Lebron James&apos;,18,4,3,4
</system-out>
    <system-err>SLF4J: Class path contains multiple SLF4J bindings.
SLF4J: Found binding in [jar:file:/Users/letrung/.m2/repository/org/slf4j/slf4j-log4j12/1.7.22/slf4j-log4j12-1.7.22.jar!/org/slf4j/impl/StaticLoggerBinder.class]
SLF4J: Found binding in [jar:file:/Users/letrung/.m2/repository/org/apache/logging/log4j/log4j-slf4j-impl/2.4.1/log4j-slf4j-impl-2.4.1.jar!/org/slf4j/impl/StaticLoggerBinder.class]
SLF4J: See http://www.slf4j.org/codes.html#multiple_bindings for an explanation.
SLF4J: Actual binding is of type [org.slf4j.impl.Log4jLoggerFactory]
---Registering Weka Editors---
Trying to add database driver (JDBC): RmiJdbc.RJDriver - Error, not in CLASSPATH?
Trying to add database driver (JDBC): jdbc.idbDriver - Error, not in CLASSPATH?
Trying to add database driver (JDBC): org.gjt.mm.mysql.Driver - Error, not in CLASSPATH?
Trying to add database driver (JDBC): com.mckoi.JDBCDriver - Error, not in CLASSPATH?
Trying to add database driver (JDBC): org.hsqldb.jdbcDriver - Error, not in CLASSPATH?
</system-err>
  </testcase>
</testsuite>