<?xml version="1.0" encoding="UTF-8" ?>
<testsuite tests="1" failures="0" name="AppTest" time="6.584" errors="1" skipped="0">
  <properties>
[...]
</properties>
  <testcase classname="AppTest" name="testConvert_IRES" time="6.584">
    <error message="Permission denied: user=letrung, access=WRITE, inode=&quot;/user/hive/warehouse&quot;:letrungdung:letrung:drwxrwxr-x
	at org.apache.hadoop.hdfs.server.namenode.FSPermissionChecker.check(FSPermissionChecker.java:310)
	at org.apache.hadoop.hdfs.server.namenode.FSPermissionChecker.checkPermission(FSPermissionChecker.java:219)
	at org.apache.hadoop.hdfs.server.namenode.FSPermissionChecker.checkPermission(FSPermissionChecker.java:189)
	at org.apache.hadoop.hdfs.server.namenode.FSDirectory.checkPermission(FSDirectory.java:1654)
	at org.apache.hadoop.hdfs.server.namenode.FSDirectory.checkPermission(FSDirectory.java:1638)
	at org.apache.hadoop.hdfs.server.namenode.FSDirectory.checkAncestorAccess(FSDirectory.java:1597)
	at org.apache.hadoop.hdfs.server.namenode.FSDirMkdirOp.mkdirs(FSDirMkdirOp.java:60)
	at org.apache.hadoop.hdfs.server.namenode.FSNamesystem.mkdirs(FSNamesystem.java:2970)
	at org.apache.hadoop.hdfs.server.namenode.NameNodeRpcServer.mkdirs(NameNodeRpcServer.java:1078)
	at org.apache.hadoop.hdfs.protocolPB.ClientNamenodeProtocolServerSideTranslatorPB.mkdirs(ClientNamenodeProtocolServerSideTranslatorPB.java:637)
	at org.apache.hadoop.hdfs.protocol.proto.ClientNamenodeProtocolProtos$ClientNamenodeProtocol$2.callBlockingMethod(ClientNamenodeProtocolProtos.java)
	at org.apache.hadoop.ipc.ProtobufRpcEngine$Server$ProtoBufRpcInvoker.call(ProtobufRpcEngine.java:447)
	at org.apache.hadoop.ipc.RPC$Server.call(RPC.java:989)
	at org.apache.hadoop.ipc.Server$RpcCall.run(Server.java:845)
	at org.apache.hadoop.ipc.Server$RpcCall.run(Server.java:788)
	at java.security.AccessController.doPrivileged(Native Method)
	at javax.security.auth.Subject.doAs(Subject.java:422)
	at org.apache.hadoop.security.UserGroupInformation.doAs(UserGroupInformation.java:1807)
	at org.apache.hadoop.ipc.Server$Handler.run(Server.java:2455)
" type="org.apache.hadoop.security.AccessControlException">org.apache.hadoop.security.AccessControlException: Permission denied: user=letrung, access=WRITE, inode=&quot;/user/hive/warehouse&quot;:letrungdung:letrung:drwxrwxr-x
	at org.apache.hadoop.hdfs.server.namenode.FSPermissionChecker.check(FSPermissionChecker.java:310)
	at org.apache.hadoop.hdfs.server.namenode.FSPermissionChecker.checkPermission(FSPermissionChecker.java:219)
	at org.apache.hadoop.hdfs.server.namenode.FSPermissionChecker.checkPermission(FSPermissionChecker.java:189)
	at org.apache.hadoop.hdfs.server.namenode.FSDirectory.checkPermission(FSDirectory.java:1654)
	at org.apache.hadoop.hdfs.server.namenode.FSDirectory.checkPermission(FSDirectory.java:1638)
	at org.apache.hadoop.hdfs.server.namenode.FSDirectory.checkAncestorAccess(FSDirectory.java:1597)
	at org.apache.hadoop.hdfs.server.namenode.FSDirMkdirOp.mkdirs(FSDirMkdirOp.java:60)
	at org.apache.hadoop.hdfs.server.namenode.FSNamesystem.mkdirs(FSNamesystem.java:2970)
	at org.apache.hadoop.hdfs.server.namenode.NameNodeRpcServer.mkdirs(NameNodeRpcServer.java:1078)
	at org.apache.hadoop.hdfs.protocolPB.ClientNamenodeProtocolServerSideTranslatorPB.mkdirs(ClientNamenodeProtocolServerSideTranslatorPB.java:637)
	at org.apache.hadoop.hdfs.protocol.proto.ClientNamenodeProtocolProtos$ClientNamenodeProtocol$2.callBlockingMethod(ClientNamenodeProtocolProtos.java)
	at org.apache.hadoop.ipc.ProtobufRpcEngine$Server$ProtoBufRpcInvoker.call(ProtobufRpcEngine.java:447)
	at org.apache.hadoop.ipc.RPC$Server.call(RPC.java:989)
	at org.apache.hadoop.ipc.Server$RpcCall.run(Server.java:845)
	at org.apache.hadoop.ipc.Server$RpcCall.run(Server.java:788)
	at java.security.AccessController.doPrivileged(Native Method)
	at javax.security.auth.Subject.doAs(Subject.java:422)
	at org.apache.hadoop.security.UserGroupInformation.doAs(UserGroupInformation.java:1807)
	at org.apache.hadoop.ipc.Server$Handler.run(Server.java:2455)

	at sun.reflect.NativeConstructorAccessorImpl.newInstance0(Native Method)
	at sun.reflect.NativeConstructorAccessorImpl.newInstance(NativeConstructorAccessorImpl.java:62)
	at sun.reflect.DelegatingConstructorAccessorImpl.newInstance(DelegatingConstructorAccessorImpl.java:45)
	at java.lang.reflect.Constructor.newInstance(Constructor.java:423)
	at org.apache.hadoop.ipc.RemoteException.instantiateException(RemoteException.java:106)
	at org.apache.hadoop.ipc.RemoteException.unwrapRemoteException(RemoteException.java:73)
	at org.apache.hadoop.hdfs.DFSClient.primitiveMkdir(DFSClient.java:3010)
	at org.apache.hadoop.hdfs.DFSClient.mkdirs(DFSClient.java:2978)
	at org.apache.hadoop.hdfs.DistributedFileSystem$21.doCall(DistributedFileSystem.java:1047)
	at org.apache.hadoop.hdfs.DistributedFileSystem$21.doCall(DistributedFileSystem.java:1043)
	at org.apache.hadoop.fs.FileSystemLinkResolver.resolve(FileSystemLinkResolver.java:81)
	at org.apache.hadoop.hdfs.DistributedFileSystem.mkdirsInternal(DistributedFileSystem.java:1061)
	at org.apache.hadoop.hdfs.DistributedFileSystem.mkdirs(DistributedFileSystem.java:1036)
	at org.apache.hadoop.fs.FileSystem.mkdirs(FileSystem.java:1877)
	at org.apache.hadoop.mapreduce.lib.output.FileOutputCommitter.setupJob(FileOutputCommitter.java:291)
	at org.apache.spark.internal.io.HadoopMapReduceCommitProtocol.setupJob(HadoopMapReduceCommitProtocol.scala:124)
	at org.apache.spark.sql.execution.datasources.FileFormatWriter$$anonfun$write$1.apply$mcV$sp(FileFormatWriter.scala:176)
	at org.apache.spark.sql.execution.datasources.FileFormatWriter$$anonfun$write$1.apply(FileFormatWriter.scala:173)
	at org.apache.spark.sql.execution.datasources.FileFormatWriter$$anonfun$write$1.apply(FileFormatWriter.scala:173)
	at org.apache.spark.sql.execution.SQLExecution$.withNewExecutionId(SQLExecution.scala:65)
	at org.apache.spark.sql.execution.datasources.FileFormatWriter$.write(FileFormatWriter.scala:173)
	at org.apache.spark.sql.execution.datasources.InsertIntoHadoopFsRelationCommand.run(InsertIntoHadoopFsRelationCommand.scala:145)
	at org.apache.spark.sql.execution.command.ExecutedCommandExec.sideEffectResult$lzycompute(commands.scala:58)
	at org.apache.spark.sql.execution.command.ExecutedCommandExec.sideEffectResult(commands.scala:56)
	at org.apache.spark.sql.execution.command.ExecutedCommandExec.doExecute(commands.scala:74)
	at org.apache.spark.sql.execution.SparkPlan$$anonfun$execute$1.apply(SparkPlan.scala:117)
	at org.apache.spark.sql.execution.SparkPlan$$anonfun$execute$1.apply(SparkPlan.scala:117)
	at org.apache.spark.sql.execution.SparkPlan$$anonfun$executeQuery$1.apply(SparkPlan.scala:138)
	at org.apache.spark.rdd.RDDOperationScope$.withScope(RDDOperationScope.scala:151)
	at org.apache.spark.sql.execution.SparkPlan.executeQuery(SparkPlan.scala:135)
	at org.apache.spark.sql.execution.SparkPlan.execute(SparkPlan.scala:116)
	at org.apache.spark.sql.execution.QueryExecution.toRdd$lzycompute(QueryExecution.scala:92)
	at org.apache.spark.sql.execution.QueryExecution.toRdd(QueryExecution.scala:92)
	at org.apache.spark.sql.execution.datasources.DataSource.writeInFileFormat(DataSource.scala:438)
	at org.apache.spark.sql.execution.datasources.DataSource.writeAndRead(DataSource.scala:454)
	at org.apache.spark.sql.execution.command.CreateDataSourceTableAsSelectCommand.saveDataIntoTable(createDataSourceTables.scala:198)
	at org.apache.spark.sql.execution.command.CreateDataSourceTableAsSelectCommand.run(createDataSourceTables.scala:158)
	at org.apache.spark.sql.execution.command.ExecutedCommandExec.sideEffectResult$lzycompute(commands.scala:58)
	at org.apache.spark.sql.execution.command.ExecutedCommandExec.sideEffectResult(commands.scala:56)
	at org.apache.spark.sql.execution.command.ExecutedCommandExec.doExecute(commands.scala:74)
	at org.apache.spark.sql.execution.SparkPlan$$anonfun$execute$1.apply(SparkPlan.scala:117)
	at org.apache.spark.sql.execution.SparkPlan$$anonfun$execute$1.apply(SparkPlan.scala:117)
	at org.apache.spark.sql.execution.SparkPlan$$anonfun$executeQuery$1.apply(SparkPlan.scala:138)
	at org.apache.spark.rdd.RDDOperationScope$.withScope(RDDOperationScope.scala:151)
	at org.apache.spark.sql.execution.SparkPlan.executeQuery(SparkPlan.scala:135)
	at org.apache.spark.sql.execution.SparkPlan.execute(SparkPlan.scala:116)
	at org.apache.spark.sql.execution.QueryExecution.toRdd$lzycompute(QueryExecution.scala:92)
	at org.apache.spark.sql.execution.QueryExecution.toRdd(QueryExecution.scala:92)
	at org.apache.spark.sql.DataFrameWriter.runCommand(DataFrameWriter.scala:610)
	at org.apache.spark.sql.DataFrameWriter.createTable(DataFrameWriter.scala:420)
	at org.apache.spark.sql.DataFrameWriter.saveAsTable(DataFrameWriter.scala:399)
	at org.apache.spark.sql.DataFrameWriter.saveAsTable(DataFrameWriter.scala:354)
	at Scala.SimpleApp.firstExample(SimpleApp.scala:64)
	at Scala.SimpleApp.main(SimpleApp.scala:27)
	at Irisa.Enssat.Rennes1.TestScala.test(TestScala.java:19)
	at AppTest.testConvert_IRES(AppTest.java:150)
	at sun.reflect.NativeMethodAccessorImpl.invoke0(Native Method)
	at sun.reflect.NativeMethodAccessorImpl.invoke(NativeMethodAccessorImpl.java:62)
	at sun.reflect.DelegatingMethodAccessorImpl.invoke(DelegatingMethodAccessorImpl.java:43)
	at java.lang.reflect.Method.invoke(Method.java:498)
	at org.junit.runners.model.FrameworkMethod$1.runReflectiveCall(FrameworkMethod.java:45)
	at org.junit.internal.runners.model.ReflectiveCallable.run(ReflectiveCallable.java:15)
	at org.junit.runners.model.FrameworkMethod.invokeExplosively(FrameworkMethod.java:42)
	at org.junit.internal.runners.statements.InvokeMethod.evaluate(InvokeMethod.java:20)
	at org.junit.runners.ParentRunner.runLeaf(ParentRunner.java:263)
	at org.junit.runners.BlockJUnit4ClassRunner.runChild(BlockJUnit4ClassRunner.java:68)
	at org.junit.runners.BlockJUnit4ClassRunner.runChild(BlockJUnit4ClassRunner.java:47)
	at org.junit.runners.ParentRunner$3.run(ParentRunner.java:231)
	at org.junit.runners.ParentRunner$1.schedule(ParentRunner.java:60)
	at org.junit.runners.ParentRunner.runChildren(ParentRunner.java:229)
	at org.junit.runners.ParentRunner.access$000(ParentRunner.java:50)
	at org.junit.runners.ParentRunner$2.evaluate(ParentRunner.java:222)
	at org.junit.internal.runners.statements.RunBefores.evaluate(RunBefores.java:28)
	at org.junit.internal.runners.statements.RunAfters.evaluate(RunAfters.java:30)
	at org.junit.runners.ParentRunner.run(ParentRunner.java:300)
	at org.apache.maven.surefire.junit4.JUnit4Provider.execute(JUnit4Provider.java:252)
	at org.apache.maven.surefire.junit4.JUnit4Provider.executeTestSet(JUnit4Provider.java:141)
	at org.apache.maven.surefire.junit4.JUnit4Provider.invoke(JUnit4Provider.java:112)
	at sun.reflect.NativeMethodAccessorImpl.invoke0(Native Method)
	at sun.reflect.NativeMethodAccessorImpl.invoke(NativeMethodAccessorImpl.java:62)
	at sun.reflect.DelegatingMethodAccessorImpl.invoke(DelegatingMethodAccessorImpl.java:43)
	at java.lang.reflect.Method.invoke(Method.java:498)
	at org.apache.maven.surefire.util.ReflectionUtils.invokeMethodWithArray(ReflectionUtils.java:189)
	at org.apache.maven.surefire.booter.ProviderFactory$ProviderProxy.invoke(ProviderFactory.java:165)
	at org.apache.maven.surefire.booter.ProviderFactory.invokeProvider(ProviderFactory.java:85)
	at org.apache.maven.surefire.booter.ForkedBooter.runSuitesInProcess(ForkedBooter.java:115)
	at org.apache.maven.surefire.booter.ForkedBooter.main(ForkedBooter.java:75)
Caused by: org.apache.hadoop.ipc.RemoteException(org.apache.hadoop.security.AccessControlException): Permission denied: user=letrung, access=WRITE, inode=&quot;/user/hive/warehouse&quot;:letrungdung:letrung:drwxrwxr-x
	at org.apache.hadoop.hdfs.server.namenode.FSPermissionChecker.check(FSPermissionChecker.java:310)
	at org.apache.hadoop.hdfs.server.namenode.FSPermissionChecker.checkPermission(FSPermissionChecker.java:219)
	at org.apache.hadoop.hdfs.server.namenode.FSPermissionChecker.checkPermission(FSPermissionChecker.java:189)
	at org.apache.hadoop.hdfs.server.namenode.FSDirectory.checkPermission(FSDirectory.java:1654)
	at org.apache.hadoop.hdfs.server.namenode.FSDirectory.checkPermission(FSDirectory.java:1638)
	at org.apache.hadoop.hdfs.server.namenode.FSDirectory.checkAncestorAccess(FSDirectory.java:1597)
	at org.apache.hadoop.hdfs.server.namenode.FSDirMkdirOp.mkdirs(FSDirMkdirOp.java:60)
	at org.apache.hadoop.hdfs.server.namenode.FSNamesystem.mkdirs(FSNamesystem.java:2970)
	at org.apache.hadoop.hdfs.server.namenode.NameNodeRpcServer.mkdirs(NameNodeRpcServer.java:1078)
	at org.apache.hadoop.hdfs.protocolPB.ClientNamenodeProtocolServerSideTranslatorPB.mkdirs(ClientNamenodeProtocolServerSideTranslatorPB.java:637)
	at org.apache.hadoop.hdfs.protocol.proto.ClientNamenodeProtocolProtos$ClientNamenodeProtocol$2.callBlockingMethod(ClientNamenodeProtocolProtos.java)
	at org.apache.hadoop.ipc.ProtobufRpcEngine$Server$ProtoBufRpcInvoker.call(ProtobufRpcEngine.java:447)
	at org.apache.hadoop.ipc.RPC$Server.call(RPC.java:989)
	at org.apache.hadoop.ipc.Server$RpcCall.run(Server.java:845)
	at org.apache.hadoop.ipc.Server$RpcCall.run(Server.java:788)
	at java.security.AccessController.doPrivileged(Native Method)
	at javax.security.auth.Subject.doAs(Subject.java:422)
	at org.apache.hadoop.security.UserGroupInformation.doAs(UserGroupInformation.java:1807)
	at org.apache.hadoop.ipc.Server$Handler.run(Server.java:2455)

	at org.apache.hadoop.ipc.Client.call(Client.java:1476)
	at org.apache.hadoop.ipc.Client.call(Client.java:1407)
	at org.apache.hadoop.ipc.ProtobufRpcEngine$Invoker.invoke(ProtobufRpcEngine.java:229)
	at com.sun.proxy.$Proxy27.mkdirs(Unknown Source)
	at org.apache.hadoop.hdfs.protocolPB.ClientNamenodeProtocolTranslatorPB.mkdirs(ClientNamenodeProtocolTranslatorPB.java:558)
	at sun.reflect.NativeMethodAccessorImpl.invoke0(Native Method)
	at sun.reflect.NativeMethodAccessorImpl.invoke(NativeMethodAccessorImpl.java:62)
	at sun.reflect.DelegatingMethodAccessorImpl.invoke(DelegatingMethodAccessorImpl.java:43)
	at java.lang.reflect.Method.invoke(Method.java:498)
	at org.apache.hadoop.io.retry.RetryInvocationHandler.invokeMethod(RetryInvocationHandler.java:187)
	at org.apache.hadoop.io.retry.RetryInvocationHandler.invoke(RetryInvocationHandler.java:102)
	at com.sun.proxy.$Proxy28.mkdirs(Unknown Source)
	at org.apache.hadoop.hdfs.DFSClient.primitiveMkdir(DFSClient.java:3008)
	... 80 more
</error>
    <system-out>ASAP_HOME=/usr/local/share/ires

 Hello world
+-----+-----+
| word|count|
+-----+-----+
|  one|    1|
|  two|    2|
|three|    3|
+-----+-----+

</system-out>
    <system-err>SLF4J: Class path contains multiple SLF4J bindings.
SLF4J: Found binding in [jar:file:/Users/letrung/.m2/repository/org/slf4j/slf4j-log4j12/1.7.22/slf4j-log4j12-1.7.22.jar!/org/slf4j/impl/StaticLoggerBinder.class]
SLF4J: Found binding in [jar:file:/Users/letrung/.m2/repository/org/apache/logging/log4j/log4j-slf4j-impl/2.6.2/log4j-slf4j-impl-2.6.2.jar!/org/slf4j/impl/StaticLoggerBinder.class]
SLF4J: See http://www.slf4j.org/codes.html#multiple_bindings for an explanation.
SLF4J: Actual binding is of type [org.slf4j.impl.Log4jLoggerFactory]
log4j:WARN No appenders could be found for logger (org.apache.hive.jdbc.Utils).
log4j:WARN Please initialize the log4j system properly.
log4j:WARN See http://logging.apache.org/log4j/1.2/faq.html#noconfig for more info.
Oct 05, 2017 10:28:59 PM com.sparkexample.TestHiveSQLDatabase main
SEVERE: Illegal character in authority at index 8: hive2:// APP mine
Using Spark&apos;s default log4j profile: org/apache/spark/log4j-defaults.properties
17/10/05 22:29:00 INFO SparkContext: Running Spark version 2.2.0
17/10/05 22:29:00 WARN NativeCodeLoader: Unable to load native-hadoop library for your platform... using builtin-java classes where applicable
17/10/05 22:29:00 INFO SparkContext: Submitted application: Spark Hive Example
17/10/05 22:29:00 INFO SecurityManager: Changing view acls to: letrung
17/10/05 22:29:00 INFO SecurityManager: Changing modify acls to: letrung
17/10/05 22:29:00 INFO SecurityManager: Changing view acls groups to: 
17/10/05 22:29:00 INFO SecurityManager: Changing modify acls groups to: 
17/10/05 22:29:00 INFO SecurityManager: SecurityManager: authentication disabled; ui acls disabled; users  with view permissions: Set(letrung); groups with view permissions: Set(); users  with modify permissions: Set(letrung); groups with modify permissions: Set()
17/10/05 22:29:01 INFO Utils: Successfully started service &apos;sparkDriver&apos; on port 50097.
17/10/05 22:29:01 INFO SparkEnv: Registering MapOutputTracker
17/10/05 22:29:01 INFO SparkEnv: Registering BlockManagerMaster
17/10/05 22:29:01 INFO BlockManagerMasterEndpoint: Using org.apache.spark.storage.DefaultTopologyMapper for getting topology information
17/10/05 22:29:01 INFO BlockManagerMasterEndpoint: BlockManagerMasterEndpoint up
17/10/05 22:29:01 INFO DiskBlockManager: Created local directory at /private/var/folders/gx/tvmqhxkd1g5fy11mtsjn27n00000gt/T/blockmgr-9f1b342c-6a3a-4e24-a922-5f35d5ce08b3
17/10/05 22:29:01 INFO MemoryStore: MemoryStore started with capacity 1458.6 MB
17/10/05 22:29:01 INFO SparkEnv: Registering OutputCommitCoordinator
17/10/05 22:29:01 INFO Utils: Successfully started service &apos;SparkUI&apos; on port 4040.
17/10/05 22:29:01 INFO SparkUI: Bound SparkUI to 0.0.0.0, and started at http://129.20.220.244:4040
17/10/05 22:29:01 INFO Executor: Starting executor ID driver on host localhost
17/10/05 22:29:01 INFO Utils: Successfully started service &apos;org.apache.spark.network.netty.NettyBlockTransferService&apos; on port 50098.
17/10/05 22:29:01 INFO NettyBlockTransferService: Server created on 129.20.220.244:50098
17/10/05 22:29:01 INFO BlockManager: Using org.apache.spark.storage.RandomBlockReplicationPolicy for block replication policy
17/10/05 22:29:01 INFO BlockManagerMaster: Registering BlockManager BlockManagerId(driver, 129.20.220.244, 50098, None)
17/10/05 22:29:01 INFO BlockManagerMasterEndpoint: Registering block manager 129.20.220.244:50098 with 1458.6 MB RAM, BlockManagerId(driver, 129.20.220.244, 50098, None)
17/10/05 22:29:01 INFO BlockManagerMaster: Registered BlockManager BlockManagerId(driver, 129.20.220.244, 50098, None)
17/10/05 22:29:01 INFO BlockManager: Initialized BlockManager: BlockManagerId(driver, 129.20.220.244, 50098, None)
17/10/05 22:29:01 INFO SharedState: Setting hive.metastore.warehouse.dir (&apos;null&apos;) to the value of spark.sql.warehouse.dir (&apos;/user/hive/warehouse&apos;).
17/10/05 22:29:01 INFO SharedState: Warehouse path is &apos;/user/hive/warehouse&apos;.
17/10/05 22:29:02 INFO HiveUtils: Initializing HiveMetastoreConnection version 1.2.1 using Spark classes.
17/10/05 22:29:02 INFO metastore: Trying to connect to metastore with URI thrift://localhost:9083
17/10/05 22:29:02 INFO metastore: Connected to metastore.
17/10/05 22:29:03 INFO SessionState: Created local directory: /var/folders/gx/tvmqhxkd1g5fy11mtsjn27n00000gt/T/1e11ea19-64ee-4535-9db9-124c748102ac_resources
17/10/05 22:29:03 INFO SessionState: Created HDFS directory: /tmp/hive/letrung/1e11ea19-64ee-4535-9db9-124c748102ac
17/10/05 22:29:03 INFO SessionState: Created local directory: /var/folders/gx/tvmqhxkd1g5fy11mtsjn27n00000gt/T/letrung/1e11ea19-64ee-4535-9db9-124c748102ac
17/10/05 22:29:03 INFO SessionState: Created HDFS directory: /tmp/hive/letrung/1e11ea19-64ee-4535-9db9-124c748102ac/_tmp_space.db
17/10/05 22:29:03 INFO HiveClientImpl: Warehouse location for Hive client (version 1.2.1) is /user/hive/warehouse
17/10/05 22:29:03 INFO SessionState: Created local directory: /var/folders/gx/tvmqhxkd1g5fy11mtsjn27n00000gt/T/64b32933-e5be-46b7-8dd5-edfcaadb6a27_resources
17/10/05 22:29:03 INFO SessionState: Created HDFS directory: /tmp/hive/letrung/64b32933-e5be-46b7-8dd5-edfcaadb6a27
17/10/05 22:29:03 INFO SessionState: Created local directory: /var/folders/gx/tvmqhxkd1g5fy11mtsjn27n00000gt/T/letrung/64b32933-e5be-46b7-8dd5-edfcaadb6a27
17/10/05 22:29:03 INFO SessionState: Created HDFS directory: /tmp/hive/letrung/64b32933-e5be-46b7-8dd5-edfcaadb6a27/_tmp_space.db
17/10/05 22:29:03 INFO HiveClientImpl: Warehouse location for Hive client (version 1.2.1) is /user/hive/warehouse
17/10/05 22:29:03 INFO StateStoreCoordinatorRef: Registered StateStoreCoordinator endpoint
17/10/05 22:29:04 INFO CodeGenerator: Code generated in 195.098187 ms
17/10/05 22:29:05 INFO CodeGenerator: Code generated in 10.10526 ms
17/10/05 22:29:05 INFO CodeGenerator: Code generated in 9.823053 ms
17/10/05 22:29:05 INFO SparkSqlParser: Parsing command: t4
17/10/05 22:29:06 INFO ParquetFileFormat: Using default output committer for Parquet: org.apache.parquet.hadoop.ParquetOutputCommitter
17/10/05 22:29:06 INFO SQLHadoopMapReduceCommitProtocol: Using user defined output committer class org.apache.parquet.hadoop.ParquetOutputCommitter
17/10/05 22:29:06 INFO SQLHadoopMapReduceCommitProtocol: Using output committer class org.apache.parquet.hadoop.ParquetOutputCommitter
</system-err>
  </testcase>
</testsuite>